#
# There is insufficient memory for the Java Runtime Environment to continue.
# Native memory allocation (malloc) failed to allocate 1133136 bytes for Chunk::new
# Possible reasons:
#   The system is out of physical RAM or swap space
#   The process is running with CompressedOops enabled, and the Java Heap may be blocking the growth of the native heap
# Possible solutions:
#   Reduce memory load on the system
#   Increase physical memory or swap space
#   Check if swap backing store is full
#   Decrease Java heap size (-Xmx/-Xms)
#   Decrease number of Java threads
#   Decrease Java thread stack sizes (-Xss)
#   Set larger code cache with -XX:ReservedCodeCacheSize=
#   JVM is running with Unscaled Compressed Oops mode in which the Java heap is
#     placed in the first 4GB address space. The Java Heap base address is the
#     maximum limit for the native heap growth. Please use -XX:HeapBaseMinAddress
#     to set the Java Heap base and to place the Java Heap above 4GB virtual address.
# This output file may be truncated or incomplete.
#
#  Out of Memory Error (allocation.cpp:389), pid=14384, tid=0x0000000000001044
#
# JRE version: OpenJDK Runtime Environment (8.0_242-b01) (build 1.8.0_242-release-1644-b01)
# Java VM: OpenJDK 64-Bit Server VM (25.242-b01 mixed mode windows-amd64 compressed oops)
# Failed to write core dump. Minidumps are not enabled by default on client versions of Windows
#

---------------  T H R E A D  ---------------

Current thread (0x0000000018b26000):  JavaThread "C2 CompilerThread2" daemon [_thread_in_native, id=4164, stack(0x0000000019490000,0x0000000019590000)]

Stack: [0x0000000019490000,0x0000000019590000]
[error occurred during error reporting (printing stack bounds), id 0xc0000005]

Native frames: (J=compiled Java code, j=interpreted, Vv=VM code, C=native code)


Current CompileTask:
C2:  14604 3857   !   4       java.util.jar.Attributes::read (380 bytes)


---------------  P R O C E S S  ---------------

Java Threads: ( => current thread )
  0x00000000216d8800 JavaThread "Cache worker for Build Output Cleanup Cache (D:\Github\Iot_Android\.gradle\buildOutputCleanup)" [_thread_blocked, id=9044, stack(0x00000000249d0000,0x0000000024ad0000)]
  0x00000000216d1000 JavaThread "pool-1-thread-1" [_thread_blocked, id=10672, stack(0x00000000246d0000,0x00000000247d0000)]
  0x00000000216d6000 JavaThread "Build operations Thread 8" [_thread_blocked, id=16372, stack(0x00000000241d0000,0x00000000242d0000)]
  0x00000000216d3000 JavaThread "Build operations Thread 7" [_thread_blocked, id=17432, stack(0x00000000240d0000,0x00000000241d0000)]
  0x00000000216d7800 JavaThread "Build operations Thread 6" [_thread_blocked, id=10300, stack(0x0000000023fd0000,0x00000000240d0000)]
  0x00000000216d5800 JavaThread "Build operations Thread 5" [_thread_blocked, id=5444, stack(0x0000000022e10000,0x0000000022f10000)]
  0x00000000216d4800 JavaThread "Build operations Thread 4" [_thread_blocked, id=8936, stack(0x0000000022a60000,0x0000000022b60000)]
  0x00000000216d7000 JavaThread "Build operations Thread 3" [_thread_blocked, id=16464, stack(0x0000000022960000,0x0000000022a60000)]
  0x00000000216d0000 JavaThread "Build operations Thread 2" [_thread_blocked, id=15292, stack(0x0000000022860000,0x0000000022960000)]
  0x00000000216d1800 JavaThread "Build operations" [_thread_blocked, id=17228, stack(0x0000000022760000,0x0000000022860000)]
  0x00000000216d4000 JavaThread "Cache worker for execution history cache (D:\device\.gradle\caches\5.6.4\executionHistory)" [_thread_blocked, id=17500, stack(0x0000000022660000,0x0000000022760000)]
  0x000000001a7eb800 JavaThread "Cache worker for cache directory md-rule (D:\device\.gradle\caches\5.6.4\md-rule)" [_thread_blocked, id=13528, stack(0x0000000022560000,0x0000000022660000)]
  0x000000001a7e7800 JavaThread "Cache worker for cache directory md-supplier (D:\device\.gradle\caches\5.6.4\md-supplier)" [_thread_blocked, id=1216, stack(0x000000001f9b0000,0x000000001fab0000)]
  0x000000001a7ec000 JavaThread "Cache worker for file hash cache (D:\Github\Iot_Android\.gradle\5.6.4\fileHashes)" [_thread_blocked, id=10800, stack(0x000000001f6b0000,0x000000001f7b0000)]
  0x000000001a7ed800 JavaThread "Cache worker for journal cache (D:\device\.gradle\caches\journal-1)" [_thread_blocked, id=3044, stack(0x000000001d410000,0x000000001d510000)]
  0x000000001a7ed000 JavaThread "File lock request listener" [_thread_in_native, id=6588, stack(0x000000001d310000,0x000000001d410000)]
  0x000000001a7f0800 JavaThread "Cache worker for file hash cache (D:\device\.gradle\caches\5.6.4\fileHashes)" [_thread_blocked, id=10760, stack(0x000000001d210000,0x000000001d310000)]
  0x000000001a8ab000 JavaThread "Thread-9" [_thread_blocked, id=7844, stack(0x000000001cf10000,0x000000001d010000)]
  0x0000000018e1b800 JavaThread "Stdin handler" [_thread_blocked, id=15692, stack(0x000000001ce10000,0x000000001cf10000)]
  0x000000001a4ae800 JavaThread "Asynchronous log dispatcher for DefaultDaemonConnection: socket connection from /127.0.0.1:59824 to /127.0.0.1:59825" [_thread_blocked, id=11184, stack(0x000000001cc10000,0x000000001cd10000)]
  0x0000000019f91000 JavaThread "Daemon worker" [_thread_in_vm, id=18216, stack(0x000000001cb10000,0x000000001cc10000)]
  0x0000000018e22800 JavaThread "Cancel handler" [_thread_blocked, id=4384, stack(0x000000001ca10000,0x000000001cb10000)]
  0x0000000018e04800 JavaThread "Handler for socket connection from /127.0.0.1:59824 to /127.0.0.1:59825" [_thread_in_native, id=16564, stack(0x000000001c710000,0x000000001c810000)]
  0x0000000018e01000 JavaThread "Daemon" [_thread_blocked, id=14240, stack(0x000000001c610000,0x000000001c710000)]
  0x0000000018e80800 JavaThread "Daemon periodic checks" [_thread_blocked, id=5976, stack(0x000000001c510000,0x000000001c610000)]
  0x0000000018e05800 JavaThread "Incoming local TCP Connector on port 59824" [_thread_in_native, id=6224, stack(0x000000001c330000,0x000000001c430000)]
  0x000000001b2b1800 JavaThread "Daemon health stats" [_thread_blocked, id=12552, stack(0x000000001c030000,0x000000001c130000)]
  0x0000000018bc5800 JavaThread "Service Thread" daemon [_thread_blocked, id=3060, stack(0x0000000019690000,0x0000000019790000)]
  0x0000000018b2c000 JavaThread "C1 CompilerThread3" daemon [_thread_blocked, id=2320, stack(0x0000000019590000,0x0000000019690000)]
=>0x0000000018b26000 JavaThread "C2 CompilerThread2" daemon [_thread_in_native, id=4164, stack(0x0000000019490000,0x0000000019590000)]
  0x0000000018b1d800 JavaThread "C2 CompilerThread1" daemon [_thread_blocked, id=3496, stack(0x0000000019390000,0x0000000019490000)]
  0x0000000018b1b800 JavaThread "C2 CompilerThread0" daemon [_thread_blocked, id=12460, stack(0x0000000019290000,0x0000000019390000)]
  0x0000000018b19800 JavaThread "Attach Listener" daemon [_thread_blocked, id=18024, stack(0x0000000019190000,0x0000000019290000)]
  0x0000000018ac7000 JavaThread "Signal Dispatcher" daemon [_thread_blocked, id=416, stack(0x0000000019090000,0x0000000019190000)]
  0x0000000002ee7800 JavaThread "Finalizer" daemon [_thread_blocked, id=10744, stack(0x0000000018f90000,0x0000000019090000)]
  0x0000000018ab0800 JavaThread "Reference Handler" daemon [_thread_blocked, id=9300, stack(0x0000000018e90000,0x0000000018f90000)]
  0x0000000002df2800 JavaThread "main" [_thread_blocked, id=9616, stack(0x0000000002cf0000,0x0000000002df0000)]

Other Threads:
  0x0000000016ca7000 VMThread [stack: 0x0000000018990000,0x0000000018a90000] [id=3868]
  0x0000000018b67800 WatcherThread [stack: 0x0000000019790000,0x0000000019890000] [id=16644]

VM state:not at safepoint (normal execution)

VM Mutex/Monitor currently owned by a thread: None

heap address: 0x00000000a0000000, size: 1536 MB, Compressed Oops mode: 32-bit
Narrow klass base: 0x0000000000000000, Narrow klass shift: 3
Compressed class space size: 1073741824 Address: 0x0000000100000000

Heap:
 PSYoungGen      total 132608K, used 99944K [0x00000000e0000000, 0x00000000eee00000, 0x0000000100000000)
  eden space 120320K, 83% used [0x00000000e0000000,0x00000000e619a108,0x00000000e7580000)
  from space 12288K, 0% used [0x00000000e7580000,0x00000000e7580000,0x00000000e8180000)
  to   space 12288K, 0% used [0x00000000ee200000,0x00000000ee200000,0x00000000eee00000)
 ParOldGen       total 116224K, used 16358K [0x00000000a0000000, 0x00000000a7180000, 0x00000000e0000000)
  object space 116224K, 14% used [0x00000000a0000000,0x00000000a0ff98a0,0x00000000a7180000)
 Metaspace       used 43384K, capacity 44630K, committed 44928K, reserved 1087488K
  class space    used 5857K, capacity 6169K, committed 6272K, reserved 1048576K

Card table byte_map: [0x00000000122b0000,0x00000000125c0000] byte_map_base: 0x0000000011db0000

Marking Bits: (ParMarkBitMap*) 0x000000006421f030
 Begin Bits: [0x0000000012fc0000, 0x00000000147c0000)
 End Bits:   [0x00000000147c0000, 0x0000000015fc0000)

Polling page: 0x00000000007f0000

CodeCache: size=245760Kb used=12251Kb max_used=12263Kb free=233508Kb
 bounds [0x0000000002ef0000, 0x0000000003b00000, 0x0000000011ef0000]
 total_blobs=4442 nmethods=3693 adapters=661
 compilation: enabled

Compilation events (10 events):
Event: 14.587 Thread 0x0000000018b1b800 3945       4       java.util.HashMap$EntryIterator::next (5 bytes)
Event: 14.592 Thread 0x0000000018b1b800 nmethod 3945 0x0000000003ae1ad0 code [0x0000000003ae1c20, 0x0000000003ae1e18]
Event: 14.592 Thread 0x0000000018b1b800 3946  s    4       java.util.Hashtable::get (69 bytes)
Event: 14.593 Thread 0x0000000018b2c000 3947       3       java.util.jar.JarFile::maybeInstantiateVerifier (96 bytes)
Event: 14.594 Thread 0x0000000018b2c000 nmethod 3947 0x0000000003af0950 code [0x0000000003af0b80, 0x0000000003af1828]
Event: 14.597 Thread 0x0000000018b2c000 3948       3       java.net.URLClassLoader$1::run (5 bytes)
Event: 14.597 Thread 0x0000000018b2c000 nmethod 3948 0x0000000003ae1750 code [0x0000000003ae18c0, 0x0000000003ae1a48]
Event: 14.598 Thread 0x0000000018b2c000 3949   !   3       java.net.URLClassLoader$1::run (63 bytes)
Event: 14.598 Thread 0x0000000018b2c000 nmethod 3949 0x0000000003aecf90 code [0x0000000003aed160, 0x0000000003aed668]
Event: 14.602 Thread 0x0000000018b1b800 nmethod 3946 0x0000000003af1e10 code [0x0000000003af1f80, 0x0000000003af2728]

GC Heap History (10 events):
Event: 8.394 GC heap before
{Heap before GC invocations=5 (full 1):
 PSYoungGen      total 75776K, used 7791K [0x00000000e0000000, 0x00000000e9400000, 0x0000000100000000)
  eden space 65024K, 0% used [0x00000000e0000000,0x00000000e0000000,0x00000000e3f80000)
  from space 10752K, 72% used [0x00000000e4a00000,0x00000000e519bcb0,0x00000000e5480000)
  to   space 10752K, 0% used [0x00000000e3f80000,0x00000000e3f80000,0x00000000e4a00000)
 ParOldGen       total 173568K, used 1467K [0x00000000a0000000, 0x00000000aa980000, 0x00000000e0000000)
  object space 173568K, 0% used [0x00000000a0000000,0x00000000a016edd8,0x00000000aa980000)
 Metaspace       used 20616K, capacity 21120K, committed 21296K, reserved 1067008K
  class space    used 2965K, capacity 3134K, committed 3200K, reserved 1048576K
Event: 8.434 GC heap after
Heap after GC invocations=5 (full 1):
 PSYoungGen      total 75776K, used 0K [0x00000000e0000000, 0x00000000e9400000, 0x0000000100000000)
  eden space 65024K, 0% used [0x00000000e0000000,0x00000000e0000000,0x00000000e3f80000)
  from space 10752K, 0% used [0x00000000e4a00000,0x00000000e4a00000,0x00000000e5480000)
  to   space 10752K, 0% used [0x00000000e3f80000,0x00000000e3f80000,0x00000000e4a00000)
 ParOldGen       total 81920K, used 7607K [0x00000000a0000000, 0x00000000a5000000, 0x00000000e0000000)
  object space 81920K, 9% used [0x00000000a0000000,0x00000000a076ddc0,0x00000000a5000000)
 Metaspace       used 20616K, capacity 21120K, committed 21296K, reserved 1067008K
  class space    used 2965K, capacity 3134K, committed 3200K, reserved 1048576K
}
Event: 9.544 GC heap before
{Heap before GC invocations=6 (full 1):
 PSYoungGen      total 75776K, used 65024K [0x00000000e0000000, 0x00000000e9400000, 0x0000000100000000)
  eden space 65024K, 100% used [0x00000000e0000000,0x00000000e3f80000,0x00000000e3f80000)
  from space 10752K, 0% used [0x00000000e4a00000,0x00000000e4a00000,0x00000000e5480000)
  to   space 10752K, 0% used [0x00000000e3f80000,0x00000000e3f80000,0x00000000e4a00000)
 ParOldGen       total 81920K, used 7607K [0x00000000a0000000, 0x00000000a5000000, 0x00000000e0000000)
  object space 81920K, 9% used [0x00000000a0000000,0x00000000a076ddc0,0x00000000a5000000)
 Metaspace       used 29152K, capacity 29750K, committed 30080K, reserved 1075200K
  class space    used 3922K, capacity 4104K, committed 4224K, reserved 1048576K
Event: 9.551 GC heap after
Heap after GC invocations=6 (full 1):
 PSYoungGen      total 75776K, used 8330K [0x00000000e0000000, 0x00000000e8f00000, 0x0000000100000000)
  eden space 65024K, 0% used [0x00000000e0000000,0x00000000e0000000,0x00000000e3f80000)
  from space 10752K, 77% used [0x00000000e3f80000,0x00000000e47a2820,0x00000000e4a00000)
  to   space 12800K, 0% used [0x00000000e8280000,0x00000000e8280000,0x00000000e8f00000)
 ParOldGen       total 81920K, used 7615K [0x00000000a0000000, 0x00000000a5000000, 0x00000000e0000000)
  object space 81920K, 9% used [0x00000000a0000000,0x00000000a076fdc0,0x00000000a5000000)
 Metaspace       used 29152K, capacity 29750K, committed 30080K, reserved 1075200K
  class space    used 3922K, capacity 4104K, committed 4224K, reserved 1048576K
}
Event: 10.450 GC heap before
{Heap before GC invocations=7 (full 1):
 PSYoungGen      total 75776K, used 73354K [0x00000000e0000000, 0x00000000e8f00000, 0x0000000100000000)
  eden space 65024K, 100% used [0x00000000e0000000,0x00000000e3f80000,0x00000000e3f80000)
  from space 10752K, 77% used [0x00000000e3f80000,0x00000000e47a2820,0x00000000e4a00000)
  to   space 12800K, 0% used [0x00000000e8280000,0x00000000e8280000,0x00000000e8f00000)
 ParOldGen       total 81920K, used 7615K [0x00000000a0000000, 0x00000000a5000000, 0x00000000e0000000)
  object space 81920K, 9% used [0x00000000a0000000,0x00000000a076fdc0,0x00000000a5000000)
 Metaspace       used 32055K, capacity 32730K, committed 33024K, reserved 1077248K
  class space    used 4383K, capacity 4564K, committed 4608K, reserved 1048576K
Event: 10.465 GC heap after
Heap after GC invocations=7 (full 1):
 PSYoungGen      total 131584K, used 8862K [0x00000000e0000000, 0x00000000e8d80000, 0x0000000100000000)
  eden space 120320K, 0% used [0x00000000e0000000,0x00000000e0000000,0x00000000e7580000)
  from space 11264K, 78% used [0x00000000e8280000,0x00000000e8b27830,0x00000000e8d80000)
  to   space 12288K, 0% used [0x00000000e7580000,0x00000000e7580000,0x00000000e8180000)
 ParOldGen       total 81920K, used 7623K [0x00000000a0000000, 0x00000000a5000000, 0x00000000e0000000)
  object space 81920K, 9% used [0x00000000a0000000,0x00000000a0771dc0,0x00000000a5000000)
 Metaspace       used 32055K, capacity 32730K, committed 33024K, reserved 1077248K
  class space    used 4383K, capacity 4564K, committed 4608K, reserved 1048576K
}
Event: 11.632 GC heap before
{Heap before GC invocations=8 (full 1):
 PSYoungGen      total 131584K, used 61456K [0x00000000e0000000, 0x00000000e8d80000, 0x0000000100000000)
  eden space 120320K, 43% used [0x00000000e0000000,0x00000000e335ca30,0x00000000e7580000)
  from space 11264K, 78% used [0x00000000e8280000,0x00000000e8b27830,0x00000000e8d80000)
  to   space 12288K, 0% used [0x00000000e7580000,0x00000000e7580000,0x00000000e8180000)
 ParOldGen       total 81920K, used 7623K [0x00000000a0000000, 0x00000000a5000000, 0x00000000e0000000)
  object space 81920K, 9% used [0x00000000a0000000,0x00000000a0771dc0,0x00000000a5000000)
 Metaspace       used 34500K, capacity 35406K, committed 35456K, reserved 1079296K
  class space    used 4726K, capacity 4964K, committed 4992K, reserved 1048576K
Event: 11.643 GC heap after
Heap after GC invocations=8 (full 1):
 PSYoungGen      total 132608K, used 9570K [0x00000000e0000000, 0x00000000eee00000, 0x0000000100000000)
  eden space 120320K, 0% used [0x00000000e0000000,0x00000000e0000000,0x00000000e7580000)
  from space 12288K, 77% used [0x00000000e7580000,0x00000000e7ed8890,0x00000000e8180000)
  to   space 12288K, 0% used [0x00000000ee200000,0x00000000ee200000,0x00000000eee00000)
 ParOldGen       total 81920K, used 7631K [0x00000000a0000000, 0x00000000a5000000, 0x00000000e0000000)
  object space 81920K, 9% used [0x00000000a0000000,0x00000000a0773dc0,0x00000000a5000000)
 Metaspace       used 34500K, capacity 35406K, committed 35456K, reserved 1079296K
  class space    used 4726K, capacity 4964K, committed 4992K, reserved 1048576K
}
Event: 11.643 GC heap before
{Heap before GC invocations=9 (full 2):
 PSYoungGen      total 132608K, used 9570K [0x00000000e0000000, 0x00000000eee00000, 0x0000000100000000)
  eden space 120320K, 0% used [0x00000000e0000000,0x00000000e0000000,0x00000000e7580000)
  from space 12288K, 77% used [0x00000000e7580000,0x00000000e7ed8890,0x00000000e8180000)
  to   space 12288K, 0% used [0x00000000ee200000,0x00000000ee200000,0x00000000eee00000)
 ParOldGen       total 81920K, used 7631K [0x00000000a0000000, 0x00000000a5000000, 0x00000000e0000000)
  object space 81920K, 9% used [0x00000000a0000000,0x00000000a0773dc0,0x00000000a5000000)
 Metaspace       used 34500K, capacity 35406K, committed 35456K, reserved 1079296K
  class space    used 4726K, capacity 4964K, committed 4992K, reserved 1048576K
Event: 11.703 GC heap after
Heap after GC invocations=9 (full 2):
 PSYoungGen      total 132608K, used 0K [0x00000000e0000000, 0x00000000eee00000, 0x0000000100000000)
  eden space 120320K, 0% used [0x00000000e0000000,0x00000000e0000000,0x00000000e7580000)
  from space 12288K, 0% used [0x00000000e7580000,0x00000000e7580000,0x00000000e8180000)
  to   space 12288K, 0% used [0x00000000ee200000,0x00000000ee200000,0x00000000eee00000)
 ParOldGen       total 116224K, used 16358K [0x00000000a0000000, 0x00000000a7180000, 0x00000000e0000000)
  object space 116224K, 14% used [0x00000000a0000000,0x00000000a0ff98a0,0x00000000a7180000)
 Metaspace       used 34482K, capacity 35346K, committed 35456K, reserved 1079296K
  class space    used 4720K, capacity 4954K, committed 4992K, reserved 1048576K
}

Deoptimization events (10 events):
Event: 14.525 Thread 0x0000000019f91000 Uncommon trap: reason=unstable_if action=reinterpret pc=0x0000000003a3b0f0 method=java.security.CodeSource.<init>(Ljava/net/URL;[Ljava/security/CodeSigner;)V @ 25
Event: 14.526 Thread 0x0000000019f91000 Uncommon trap: reason=unstable_if action=reinterpret pc=0x0000000002ff30ac method=java.security.CodeSource.getCertificates()[Ljava/security/cert/Certificate; @ 22
Event: 14.526 Thread 0x0000000019f91000 Uncommon trap: reason=unstable_if action=reinterpret pc=0x0000000003850bcc method=java.util.jar.JarFile.maybeInstantiateVerifier()V @ 4
Event: 14.526 Thread 0x0000000019f91000 Uncommon trap: reason=unstable_if action=reinterpret pc=0x00000000034096f0 method=java.util.jar.JarFile.maybeInstantiateVerifier()V @ 4
Event: 14.526 Thread 0x0000000019f91000 Uncommon trap: reason=unstable_if action=reinterpret pc=0x00000000039c6ec8 method=java.util.jar.JarFile.maybeInstantiateVerifier()V @ 4
Event: 14.527 Thread 0x0000000019f91000 Uncommon trap: reason=unstable_if action=reinterpret pc=0x0000000003a415e4 method=java.security.CodeSource.matchCerts(Ljava/security/CodeSource;Z)Z @ 11
Event: 14.527 Thread 0x0000000019f91000 Uncommon trap: reason=unstable_if action=reinterpret pc=0x0000000003a37f28 method=java.security.CodeSource.getCertificates()[Ljava/security/cert/Certificate; @ 4
Event: 14.527 Thread 0x0000000019f91000 Uncommon trap: reason=unstable_if action=reinterpret pc=0x0000000003a37f28 method=java.security.CodeSource.getCertificates()[Ljava/security/cert/Certificate; @ 4
Event: 14.556 Thread 0x0000000019f91000 Uncommon trap: reason=unstable_if action=reinterpret pc=0x000000000350b7bc method=java.util.LinkedHashMap.get(Ljava/lang/Object;)Ljava/lang/Object; @ 20
Event: 14.590 Thread 0x0000000019f91000 Uncommon trap: reason=unstable_if action=reinterpret pc=0x000000000392783c method=java.security.CodeSource.matchCerts(Ljava/security/CodeSource;Z)Z @ 11

Classes redefined (0 events):
No events

Internal exceptions (10 events):
Event: 13.206 Thread 0x0000000019f91000 Exception <a 'java/lang/ClassNotFoundException': org/gradle/api/DefaultTaskCustomizer> (0x00000000e149aa48) thrown at [C:\src\AOSP-openjdk-git\hotspot\src\share\vm\classfile\systemDictionary.cpp, line 210]
Event: 13.208 Thread 0x0000000019f91000 Exception <a 'java/lang/ClassNotFoundException': org/gradle/api/internal/ConventionTaskCustomizer> (0x00000000e14deef8) thrown at [C:\src\AOSP-openjdk-git\hotspot\src\share\vm\classfile\systemDictionary.cpp, line 210]
Event: 13.210 Thread 0x0000000019f91000 Exception <a 'java/lang/ClassNotFoundException': org/gradle/api/tasks/DeleteCustomizer> (0x00000000e151f828) thrown at [C:\src\AOSP-openjdk-git\hotspot\src\share\vm\classfile\systemDictionary.cpp, line 210]
Event: 13.212 Thread 0x0000000019f91000 Exception <a 'java/lang/ClassNotFoundException': org/gradle/api/tasks/Delete_DecoratedCustomizer> (0x00000000e156e1b0) thrown at [C:\src\AOSP-openjdk-git\hotspot\src\share\vm\classfile\systemDictionary.cpp, line 210]
Event: 13.266 Thread 0x0000000019f91000 Exception <a 'java/lang/ClassNotFoundException': build_3661y465jo7qqheajyk46kt3kBeanInfo> (0x00000000e167a2c0) thrown at [C:\src\AOSP-openjdk-git\hotspot\src\share\vm\classfile\systemDictionary.cpp, line 210]
Event: 13.266 Thread 0x0000000019f91000 Exception <a 'java/lang/ClassNotFoundException': build_3661y465jo7qqheajyk46kt3kCustomizer> (0x00000000e1686c60) thrown at [C:\src\AOSP-openjdk-git\hotspot\src\share\vm\classfile\systemDictionary.cpp, line 210]
Event: 13.278 Thread 0x0000000019f91000 Exception <a 'java/lang/ClassNotFoundException': org/gradle/api/internal/plugins/DefaultObjectConfigurationActionBeanInfo> (0x00000000e16ffd00) thrown at [C:\src\AOSP-openjdk-git\hotspot\src\share\vm\classfile\systemDictionary.cpp, line 210]
Event: 13.280 Thread 0x0000000019f91000 Exception <a 'java/lang/ClassNotFoundException': org/gradle/api/internal/plugins/DefaultObjectConfigurationActionCustomizer> (0x00000000e17454a0) thrown at [C:\src\AOSP-openjdk-git\hotspot\src\share\vm\classfile\systemDictionary.cpp, line 210]
Event: 13.705 Thread 0x0000000019f91000 Exception <a 'sun/nio/fs/WindowsException'> (0x00000000e2ac97a0) thrown at [C:\src\AOSP-openjdk-git\hotspot\src\share\vm\prims\jni.cpp, line 710]
Event: 14.450 Thread 0x0000000019f91000 Implicit null exception at 0x00000000034d47a8 to 0x00000000034d4cd9

Events (10 events):
Event: 14.600 loading class com/android/build/gradle/api/VersionedVariant
Event: 14.600 loading class com/android/build/gradle/api/VersionedVariant done
Event: 14.600 loading class com/android/build/gradle/api/UnitTestVariant
Event: 14.600 loading class com/android/build/gradle/api/UnitTestVariant done
Event: 14.601 loading class com/android/build/gradle/internal/dsl/DataBindingOptions
Event: 14.601 loading class com/android/build/gradle/internal/dsl/DataBindingOptions done
Event: 14.601 loading class com/android/build/gradle/api/ViewBindingOptions
Event: 14.601 loading class com/android/build/gradle/api/ViewBindingOptions done
Event: 14.601 loading class com/android/builder/testing/api/DeviceProvider
Event: 14.601 loading class com/android/builder/testing/api/DeviceProvider done


Dynamic libraries:
0x00007ff7a12c0000 - 0x00007ff7a12f1000 	D:\Android\jre\bin\java.exe
0x00007fff44fb0000 - 0x00007fff4519d000 	C:\Windows\SYSTEM32\ntdll.dll
0x00007fff44140000 - 0x00007fff441f3000 	C:\Windows\System32\KERNEL32.DLL
0x00007fff417c0000 - 0x00007fff41a55000 	C:\Windows\System32\KERNELBASE.dll
0x00007fff446f0000 - 0x00007fff44793000 	C:\Windows\System32\ADVAPI32.dll
0x00007fff44040000 - 0x00007fff440de000 	C:\Windows\System32\msvcrt.dll
0x00007fff44200000 - 0x00007fff4429e000 	C:\Windows\System32\sechost.dll
0x00007fff44820000 - 0x00007fff44942000 	C:\Windows\System32\RPCRT4.dll
0x00007fff42350000 - 0x00007fff424e7000 	C:\Windows\System32\USER32.dll
0x00007fff41f80000 - 0x00007fff41fa0000 	C:\Windows\System32\win32u.dll
0x00007fff44390000 - 0x00007fff443b9000 	C:\Windows\System32\GDI32.dll
0x00007fff41d30000 - 0x00007fff41eca000 	C:\Windows\System32\gdi32full.dll
0x00007fff42100000 - 0x00007fff421a0000 	C:\Windows\System32\msvcp_win.dll
0x00007fff41fa0000 - 0x00007fff4209a000 	C:\Windows\System32\ucrtbase.dll
0x00007fff31360000 - 0x00007fff315d9000 	C:\Windows\WinSxS\amd64_microsoft.windows.common-controls_6595b64144ccf1df_6.0.17763.1282_none_de75b6f253473c0f\COMCTL32.dll
0x00007fff443c0000 - 0x00007fff446ec000 	C:\Windows\System32\combase.dll
0x00007fff41c40000 - 0x00007fff41cbe000 	C:\Windows\System32\bcryptPrimitives.dll
0x00007fff44360000 - 0x00007fff4438e000 	C:\Windows\System32\IMM32.DLL
0x00000000642a0000 - 0x0000000064372000 	D:\Android\jre\jre\bin\msvcr100.dll
0x0000000063a50000 - 0x000000006429b000 	D:\Android\jre\jre\bin\server\jvm.dll
0x00007fff42340000 - 0x00007fff42348000 	C:\Windows\System32\PSAPI.DLL
0x00007fff3d940000 - 0x00007fff3d949000 	C:\Windows\SYSTEM32\WSOCK32.dll
0x00007fff3f1b0000 - 0x00007fff3f1d4000 	C:\Windows\SYSTEM32\WINMM.dll
0x00007fff36690000 - 0x00007fff3669a000 	C:\Windows\SYSTEM32\VERSION.dll
0x00007fff449c0000 - 0x00007fff44a2d000 	C:\Windows\System32\WS2_32.dll
0x00007fff3f010000 - 0x00007fff3f03d000 	C:\Windows\SYSTEM32\WINMMBASE.dll
0x00007fff41ce0000 - 0x00007fff41d2a000 	C:\Windows\System32\cfgmgr32.dll
0x00007fff3d5c0000 - 0x00007fff3d5cf000 	D:\Android\jre\jre\bin\verify.dll
0x00007fff2c900000 - 0x00007fff2c929000 	D:\Android\jre\jre\bin\java.dll
0x00007fff39c70000 - 0x00007fff39c86000 	D:\Android\jre\jre\bin\zip.dll
0x00007fff424f0000 - 0x00007fff439e8000 	C:\Windows\System32\SHELL32.dll
0x00007fff42290000 - 0x00007fff42338000 	C:\Windows\System32\shcore.dll
0x00007fff41070000 - 0x00007fff417bf000 	C:\Windows\System32\windows.storage.dll
0x00007fff41020000 - 0x00007fff41044000 	C:\Windows\System32\profapi.dll
0x00007fff40fc0000 - 0x00007fff4101d000 	C:\Windows\System32\powrprof.dll
0x00007fff44960000 - 0x00007fff449b2000 	C:\Windows\System32\shlwapi.dll
0x00007fff40fa0000 - 0x00007fff40fb1000 	C:\Windows\System32\kernel.appcore.dll
0x00007fff41cc0000 - 0x00007fff41cd7000 	C:\Windows\System32\cryptsp.dll
0x00007fff37190000 - 0x00007fff371aa000 	D:\Android\jre\jre\bin\net.dll
0x00007fff40800000 - 0x00007fff40867000 	C:\Windows\system32\mswsock.dll
0x00007fff2c750000 - 0x00007fff2c763000 	D:\Android\jre\jre\bin\nio.dll
0x00007fff2bf60000 - 0x00007fff2bf86000 	D:\device\.gradle\native\30\windows-amd64\native-platform.dll
0x00007fff3d3c0000 - 0x00007fff3d3cd000 	D:\Android\jre\jre\bin\management.dll
0x00007fff40380000 - 0x00007fff403b3000 	C:\Windows\system32\rsaenh.dll
0x00007fff421a0000 - 0x00007fff421c6000 	C:\Windows\System32\bcrypt.dll
0x00007fff40ed0000 - 0x00007fff40ef8000 	C:\Windows\SYSTEM32\USERENV.dll
0x00007fff409d0000 - 0x00007fff409dc000 	C:\Windows\SYSTEM32\CRYPTBASE.dll
0x00007fff40520000 - 0x00007fff4055d000 	C:\Windows\SYSTEM32\IPHLPAPI.DLL
0x00007fff44950000 - 0x00007fff44958000 	C:\Windows\System32\NSI.dll
0x00007fff3a640000 - 0x00007fff3a656000 	C:\Windows\SYSTEM32\dhcpcsvc6.DLL
0x00007fff3a620000 - 0x00007fff3a63c000 	C:\Windows\SYSTEM32\dhcpcsvc.DLL
0x00007fff40560000 - 0x00007fff40627000 	C:\Windows\SYSTEM32\DNSAPI.dll

VM Arguments:
jvm_args: -Xmx1536m -Dfile.encoding=x-windows-949 -Duser.country=KR -Duser.language=ko -Duser.variant 
java_command: org.gradle.launcher.daemon.bootstrap.GradleDaemon 5.6.4
java_class_path (initial): D:\device\.gradle\wrapper\dists\gradle-5.6.4-all\ankdp27end7byghfw1q2sw75f\gradle-5.6.4\lib\gradle-launcher-5.6.4.jar
Launcher Type: SUN_STANDARD

Environment Variables:
JAVA_HOME=C:\Program Files\Java\jdk1.8.0_211\bin
CLASSPATH=%classpath%;.;.;.
PATH=C:\Windows\system32;C:\Program Files\Java\jdk1.8.0_211\bin;C:\Users\USER\AppData\Local\GitHubDesktop\app-2.5.0\resources\app\git\cmd;C:\Program Files\nodejs\;D:\ASK\android-sdk-windows-1.6_r1\emulator;D:\ASK\android-sdk-windows-1.6_r1\platform-tools;D:\ASK\android-sdk-windows-1.6_r1\tools;D:\ASK\android-sdk-windows-1.6_r1;C:\Users\USER\AppData\Local\Microsoft\WindowsApps;C:\Users\USER\AppData\Local\GitHubDesktop\bin;D:\Vs code\Microsoft VS Code\bin;C:\Program Files\Java\jdk1.8.0_211\bin\bin;C:\xampp\php;C:\Users\USER\composer;C:\Users\USER\AppData\Roaming\Composer\vendor\bin;C:\Program Files\heroku\bin;C:\Users\USER\AppData\Roaming\npm
USERNAME=USER
OS=Windows_NT
PROCESSOR_IDENTIFIER=Intel64 Family 6 Model 158 Stepping 10, GenuineIntel



---------------  S Y S T E M  ---------------

OS: Windows 10.0 , 64 bit Build 17763 (10.0.17763.1158)

CPU:total 8 (initial active 8) (4 cores per cpu, 2 threads per core) family 6 model 158 stepping 10, cmov, cx8, fxsr, mmx, sse, sse2, sse3, ssse3, sse4.1, sse4.2, popcnt, avx, avx2, aes, clmul, erms, 3dnowpref, lzcnt, ht, tsc, tscinvbit, bmi1, bmi2, adx

Memory: 4k page, physical 16615732k(5476160k free), swap 16615732k(864k free)

vm_info: OpenJDK 64-Bit Server VM (25.242-b01) for windows-amd64 JRE (1.8.0_242-release-1644-b01), built by "builder" with MS VC++ 10.0 (VS2010)

time: Tue Jun 16 19:57:23 2020
timezone: 대한민국 표준시
elapsed time: 14 seconds (0d 0h 0m 14s)

