#
# A fatal error has been detected by the Java Runtime Environment:
#
#  EXCEPTION_STACK_OVERFLOW (0xc00000fd) at pc=0x000000005375fed7, pid=8672, tid=0x0000000000002e64
#
# JRE version: OpenJDK Runtime Environment (8.0_242-b01) (build 1.8.0_242-release-1644-b01)
# Java VM: OpenJDK 64-Bit Server VM (25.242-b01 mixed mode windows-amd64 compressed oops)
# Problematic frame:
# V  [jvm.dll+0x1efed7]
#
# Failed to write core dump. Minidumps are not enabled by default on client versions of Windows
#
# If you would like to submit a bug report, please visit:
#   
#

---------------  T H R E A D  ---------------

Current thread (0x0000000021243800):  JavaThread "Build operations Thread 4" [_thread_in_vm, id=11876, stack(0x0000000028c80000,0x0000000028d80000)]

siginfo: ExceptionCode=0xc00000fd, ExceptionInformation=0x0000000000000001 0x0000000028d7d670 

Registers:
RAX=0x0000000028d7d670, RBX=0x0000000000000003, RCX=0x0000000000002000, RDX=0x0000000000000006
RSP=0x0000000028d7f670, RBP=0x0000000000000000, RSI=0x0000000028d7f670, RDI=0x0000000000000003
R8 =0x0000000000000006, R9 =0x000000001a9c5a60, R10=0x0000000015ffe968, R11=0x0000000028c8a148
R12=0x00000000ffffffff, R13=0x0000000021243800, R14=0x0000000021243800, R15=0x0000000015ffe968
RIP=0x000000005375fed7, EFLAGS=0x0000000000010202

Top of Stack: (sp=0x0000000028d7f670)
0x0000000028d7f670:   0000000000000000 0000000100006948
0x0000000028d7f680:   0000000021243800 00000000ffffffff
0x0000000028d7f690:   0000000028d7f738 0000000053760eb7
0x0000000028d7f6a0:   0000000028d7f7a0 000000001a9c5a60
0x0000000028d7f6b0:   0000000015ffe968 000000005360be73
0x0000000028d7f6c0:   0000000028d7f700 0000000021243800
0x0000000028d7f6d0:   0000000028d7f790 0000000021243800
0x0000000028d7f6e0:   0000000015ffe968 0000000021243800
0x0000000028d7f6f0:   0000000002c13920 0000000021243800
0x0000000028d7f700:   0000000015ffe968 0000000021243800
0x0000000028d7f710:   0000000015ffe968 0000000021243800
0x0000000028d7f720:   0000000000000001 0000000015ffe968
0x0000000028d7f730:   0000000021243800 0000000021c67b50
0x0000000028d7f740:   0000000021243800 000000005360d5dd
0x0000000028d7f750:   0000000028d7fa58 0000000100006948
0x0000000028d7f760:   0000000100006948 0000000000000000 

Instructions: (pc=0x000000005375fed7)
0x000000005375feb7:   48 89 6c 24 30 33 ed 66 90 e8 4b d9 07 00 ff c3
0x000000005375fec7:   48 63 c8 48 8b c6 48 0f af cf 48 ff c7 48 2b c1
0x000000005375fed7:   89 28 48 63 c3 48 3b 05 65 b8 57 00 7e db 48 8b
0x000000005375fee7:   6c 24 30 48 8b 5c 24 38 48 8b 74 24 40 48 83 c4 


Register to memory mapping:

RAX=0x0000000028d7d670 is pointing into the stack for thread: 0x0000000021243800
RBX=0x0000000000000003 is an unknown value
RCX=0x0000000000002000 is an unknown value
RDX=0x0000000000000006 is an unknown value
RSP=0x0000000028d7f670 is pointing into the stack for thread: 0x0000000021243800
RBP=0x0000000000000000 is an unknown value
RSI=0x0000000028d7f670 is pointing into the stack for thread: 0x0000000021243800
RDI=0x0000000000000003 is an unknown value
R8 =0x0000000000000006 is an unknown value
R9 =0x000000001a9c5a60 is an unknown value
R10={method} {0x0000000015ffe970} 'run' '()V' in 'java/lang/Thread'
R11=0x0000000028c8a148 is pointing into the stack for thread: 0x0000000021243800
R12=0x00000000ffffffff is an unallocated location in the heap
R13=0x0000000021243800 is a thread
R14=0x0000000021243800 is a thread
R15={method} {0x0000000015ffe970} 'run' '()V' in 'java/lang/Thread'


Stack: [0x0000000028c80000,0x0000000028d80000],  sp=0x0000000028d7f670,  free space=1021k
Native frames: (J=compiled Java code, j=interpreted, Vv=VM code, C=native code)


---------------  P R O C E S S  ---------------

Java Threads: ( => current thread )
  0x0000000021244000 JavaThread "Build operations Thread 7" [_thread_blocked, id=16188, stack(0x0000000028f80000,0x0000000029080000)]
  0x000000002124b000 JavaThread "Build operations Thread 6" [_thread_blocked, id=4864, stack(0x0000000028e80000,0x0000000028f80000)]
  0x0000000021245000 JavaThread "Build operations Thread 5" [_thread_blocked, id=1844, stack(0x0000000028d80000,0x0000000028e80000)]
=>0x0000000021243800 JavaThread "Build operations Thread 4" [_thread_in_vm, id=11876, stack(0x0000000028c80000,0x0000000028d80000)]
  0x0000000021248000 JavaThread "Build operations Thread 3" [_thread_in_vm, id=16104, stack(0x0000000028b80000,0x0000000028c80000)]
  0x0000000021247000 JavaThread "Build operations Thread 2" [_thread_in_vm, id=19504, stack(0x0000000028a80000,0x0000000028b80000)]
  0x000000002124a000 JavaThread "Build operations" [_thread_blocked, id=15632, stack(0x0000000028980000,0x0000000028a80000)]
  0x0000000021248800 JavaThread "Cache worker for cache directory md-rule (D:\device\.gradle\caches\5.6.4\md-rule)" [_thread_blocked, id=18488, stack(0x0000000028880000,0x0000000028980000)]
  0x0000000021249800 JavaThread "Cache worker for cache directory md-supplier (D:\device\.gradle\caches\5.6.4\md-supplier)" [_thread_blocked, id=12836, stack(0x0000000028780000,0x0000000028880000)]
  0x000000002123f800 JavaThread "Cache worker for file hash cache (D:\Github\Iot_Android\.gradle\5.6.4\fileHashes)" [_thread_blocked, id=900, stack(0x0000000028680000,0x0000000028780000)]
  0x0000000021246800 JavaThread "Thread-48" [_thread_blocked, id=3528, stack(0x0000000028580000,0x0000000028680000)]
  0x0000000021245800 JavaThread "Stdin handler" [_thread_blocked, id=18164, stack(0x0000000028480000,0x0000000028580000)]
  0x0000000021242800 JavaThread "Asynchronous log dispatcher for DefaultDaemonConnection: socket connection from /127.0.0.1:49788 to /127.0.0.1:50180" [_thread_blocked, id=16440, stack(0x0000000028380000,0x0000000028480000)]
  0x0000000021241000 JavaThread "Cancel handler" [_thread_blocked, id=18420, stack(0x0000000028280000,0x0000000028380000)]
  0x000000002123f000 JavaThread "Handler for socket connection from /127.0.0.1:49788 to /127.0.0.1:50180" [_thread_in_native, id=976, stack(0x0000000028180000,0x0000000028280000)]
  0x000000001e848000 JavaThread "Daemon worker Thread 2" [_thread_blocked, id=16352, stack(0x0000000027080000,0x0000000027180000)]
  0x000000001e84f000 JavaThread "Daemon Thread 2" [_thread_blocked, id=4076, stack(0x0000000026d80000,0x0000000026e80000)]
  0x000000001e857000 JavaThread "Memory manager" [_thread_blocked, id=16808, stack(0x0000000025550000,0x0000000025650000)]
  0x000000001e84a800 JavaThread "Cache worker for execution history cache (D:\device\.gradle\caches\5.6.4\executionHistory)" [_thread_blocked, id=19980, stack(0x0000000020e20000,0x0000000020f20000)]
  0x000000001b0db800 JavaThread "Cache worker for journal cache (D:\device\.gradle\caches\journal-1)" [_thread_blocked, id=16460, stack(0x000000001d1a0000,0x000000001d2a0000)]
  0x000000001b0da800 JavaThread "File lock request listener" [_thread_in_native, id=17128, stack(0x000000001d0a0000,0x000000001d1a0000)]
  0x000000001b0d7000 JavaThread "Cache worker for file hash cache (D:\device\.gradle\caches\5.6.4\fileHashes)" [_thread_blocked, id=16840, stack(0x000000001cfa0000,0x000000001d0a0000)]
  0x000000001b1cf800 JavaThread "Daemon periodic checks" [_thread_blocked, id=1664, stack(0x000000001c2a0000,0x000000001c3a0000)]
  0x000000001b11a800 JavaThread "Incoming local TCP Connector on port 49788" [_thread_in_native, id=19460, stack(0x000000001c0c0000,0x000000001c1c0000)]
  0x000000001b0d1800 JavaThread "Daemon health stats" [_thread_blocked, id=19824, stack(0x000000001bdc0000,0x000000001bec0000)]
  0x00000000188c5000 JavaThread "Service Thread" daemon [_thread_blocked, id=10300, stack(0x0000000019420000,0x0000000019520000)]
  0x00000000169ce000 JavaThread "C1 CompilerThread3" daemon [_thread_blocked, id=19116, stack(0x0000000019320000,0x0000000019420000)]
  0x00000000169cd800 JavaThread "C2 CompilerThread2" daemon [_thread_blocked, id=14660, stack(0x0000000019220000,0x0000000019320000)]
  0x00000000187ca000 JavaThread "C2 CompilerThread1" daemon [_thread_in_native, id=7988, stack(0x0000000019120000,0x0000000019220000)]
  0x00000000187c8000 JavaThread "C2 CompilerThread0" daemon [_thread_blocked, id=16836, stack(0x0000000019020000,0x0000000019120000)]
  0x00000000187c6000 JavaThread "Attach Listener" daemon [_thread_blocked, id=18400, stack(0x0000000018f20000,0x0000000019020000)]
  0x00000000187c5800 JavaThread "Signal Dispatcher" daemon [_thread_blocked, id=7944, stack(0x0000000018e20000,0x0000000018f20000)]
  0x00000000187b1800 JavaThread "Finalizer" daemon [_thread_blocked, id=15236, stack(0x0000000018c90000,0x0000000018d90000)]
  0x00000000187b0800 JavaThread "Reference Handler" daemon [_thread_blocked, id=15776, stack(0x0000000018b90000,0x0000000018c90000)]
  0x0000000002a72800 JavaThread "main" [_thread_blocked, id=9432, stack(0x0000000002600000,0x0000000002700000)]

Other Threads:
  0x00000000169b7000 VMThread [stack: 0x0000000018690000,0x0000000018790000] [id=16488]
  0x00000000188ca800 WatcherThread [stack: 0x0000000019520000,0x0000000019620000] [id=6020]

VM state:synchronizing (normal execution)

VM Mutex/Monitor currently owned by a thread:  ([mutex/lock_event])
[0x0000000002bfce20] Threads_lock - owner thread: 0x00000000169b7000

OutOfMemory and StackOverflow Exception counts:
OutOfMemoryError java_heap_errors=1

heap address: 0x00000000a0000000, size: 1536 MB, Compressed Oops mode: 32-bit
Narrow klass base: 0x0000000000000000, Narrow klass shift: 3
Compressed class space size: 1073741824 Address: 0x0000000100000000

Heap:
 PSYoungGen      total 258560K, used 41034K [0x00000000e0000000, 0x00000000f3f00000, 0x0000000100000000)
  eden space 233472K, 6% used [0x00000000e0000000,0x00000000e0f98b00,0x00000000ee400000)
  from space 25088K, 99% used [0x00000000ee400000,0x00000000efc79df0,0x00000000efc80000)
  to   space 29184K, 0% used [0x00000000f2280000,0x00000000f2280000,0x00000000f3f00000)
 ParOldGen       total 212992K, used 40930K [0x00000000a0000000, 0x00000000ad000000, 0x00000000e0000000)
  object space 212992K, 19% used [0x00000000a0000000,0x00000000a27f8ae0,0x00000000ad000000)
 Metaspace       used 81768K, capacity 85588K, committed 85800K, reserved 1124352K
  class space    used 10748K, capacity 11505K, committed 11560K, reserved 1048576K

Card table byte_map: [0x0000000011fc0000,0x00000000122d0000] byte_map_base: 0x0000000011ac0000

Marking Bits: (ParMarkBitMap*) 0x0000000053d3f030
 Begin Bits: [0x0000000012cd0000, 0x00000000144d0000)
 End Bits:   [0x00000000144d0000, 0x0000000015cd0000)

Polling page: 0x00000000009e0000

CodeCache: size=245760Kb used=32960Kb max_used=33230Kb free=212799Kb
 bounds [0x0000000002c00000, 0x0000000004ca0000, 0x0000000011c00000]
 total_blobs=11067 nmethods=10228 adapters=751
 compilation: enabled

Compilation events (10 events):
Event: 1993.308 Thread 0x00000000187c8000 nmethod 11954 0x0000000003a96e90 code [0x0000000003a96fe0, 0x0000000003a97488]
Event: 1993.310 Thread 0x00000000169cd800 nmethod 11955 0x0000000003f61c10 code [0x0000000003f61d40, 0x0000000003f61e18]
Event: 1993.310 Thread 0x00000000187c8000 11956       4       com.google.common.collect.LinkedHashMultimap$ValueSet::<init> (55 bytes)
Event: 1993.312 Thread 0x00000000187c8000 nmethod 11956 0x000000000353c1d0 code [0x000000000353c320, 0x000000000353c4f8]
Event: 1993.316 Thread 0x00000000169cd800 11957       4       java.util.LinkedList::clear (60 bytes)
Event: 1993.318 Thread 0x00000000169cd800 nmethod 11957 0x0000000002d65390 code [0x0000000002d654c0, 0x0000000002d65558]
Event: 1993.322 Thread 0x00000000187c8000 11958       4       org.gradle.internal.component.external.model.JavaEcosystemVariantDerivationStrategy::platformWithUsageAttribute (88 bytes)
Event: 1993.322 Thread 0x00000000169cd800 11959       4       org.gradle.api.internal.artifacts.repositories.metadata.DefaultMavenImmutableAttributesFactory::platformWithUsage (111 bytes)
Event: 1993.335 Thread 0x00000000169ce000 11964       3       java.util.IdentityHashMap::put (137 bytes)
Event: 1993.337 Thread 0x00000000169ce000 nmethod 11964 0x0000000003b7fe10 code [0x0000000003b80000, 0x0000000003b809f8]

GC Heap History (10 events):
Event: 12.996 GC heap before
{Heap before GC invocations=12 (full 2):
 PSYoungGen      total 204288K, used 39215K [0x00000000e0000000, 0x00000000ee780000, 0x0000000100000000)
  eden space 190464K, 13% used [0x00000000e0000000,0x00000000e18cec70,0x00000000eba00000)
  from space 13824K, 99% used [0x00000000eba00000,0x00000000ec77d300,0x00000000ec780000)
  to   space 18944K, 0% used [0x00000000ed500000,0x00000000ed500000,0x00000000ee780000)
 ParOldGen       total 147456K, used 28157K [0x00000000a0000000, 0x00000000a9000000, 0x00000000e0000000)
  object space 147456K, 19% used [0x00000000a0000000,0x00000000a1b7f400,0x00000000a9000000)
 Metaspace       used 57098K, capacity 59106K, committed 59160K, reserved 1099776K
  class space    used 7849K, capacity 8307K, committed 8360K, reserved 1048576K
Event: 13.011 GC heap after
Heap after GC invocations=12 (full 2):
 PSYoungGen      total 217088K, used 15409K [0x00000000e0000000, 0x00000000f1f80000, 0x0000000100000000)
  eden space 198144K, 0% used [0x00000000e0000000,0x00000000e0000000,0x00000000ec180000)
  from space 18944K, 81% used [0x00000000ed500000,0x00000000ee40c5a0,0x00000000ee780000)
  to   space 19968K, 0% used [0x00000000ec180000,0x00000000ec180000,0x00000000ed500000)
 ParOldGen       total 147456K, used 28165K [0x00000000a0000000, 0x00000000a9000000, 0x00000000e0000000)
  object space 147456K, 19% used [0x00000000a0000000,0x00000000a1b81400,0x00000000a9000000)
 Metaspace       used 57098K, capacity 59106K, committed 59160K, reserved 1099776K
  class space    used 7849K, capacity 8307K, committed 8360K, reserved 1048576K
}
Event: 13.011 GC heap before
{Heap before GC invocations=13 (full 3):
 PSYoungGen      total 217088K, used 15409K [0x00000000e0000000, 0x00000000f1f80000, 0x0000000100000000)
  eden space 198144K, 0% used [0x00000000e0000000,0x00000000e0000000,0x00000000ec180000)
  from space 18944K, 81% used [0x00000000ed500000,0x00000000ee40c5a0,0x00000000ee780000)
  to   space 19968K, 0% used [0x00000000ec180000,0x00000000ec180000,0x00000000ed500000)
 ParOldGen       total 147456K, used 28165K [0x00000000a0000000, 0x00000000a9000000, 0x00000000e0000000)
  object space 147456K, 19% used [0x00000000a0000000,0x00000000a1b81400,0x00000000a9000000)
 Metaspace       used 57098K, capacity 59106K, committed 59160K, reserved 1099776K
  class space    used 7849K, capacity 8307K, committed 8360K, reserved 1048576K
Event: 13.347 GC heap after
Heap after GC invocations=13 (full 3):
 PSYoungGen      total 217088K, used 0K [0x00000000e0000000, 0x00000000f1f80000, 0x0000000100000000)
  eden space 198144K, 0% used [0x00000000e0000000,0x00000000e0000000,0x00000000ec180000)
  from space 18944K, 0% used [0x00000000ed500000,0x00000000ed500000,0x00000000ee780000)
  to   space 19968K, 0% used [0x00000000ec180000,0x00000000ec180000,0x00000000ed500000)
 ParOldGen       total 212992K, used 32501K [0x00000000a0000000, 0x00000000ad000000, 0x00000000e0000000)
  object space 212992K, 15% used [0x00000000a0000000,0x00000000a1fbd568,0x00000000ad000000)
 Metaspace       used 57076K, capacity 59034K, committed 59160K, reserved 1099776K
  class space    used 7843K, capacity 8295K, committed 8360K, reserved 1048576K
}
Event: 15.576 GC heap before
{Heap before GC invocations=14 (full 3):
 PSYoungGen      total 217088K, used 198144K [0x00000000e0000000, 0x00000000f1f80000, 0x0000000100000000)
  eden space 198144K, 100% used [0x00000000e0000000,0x00000000ec180000,0x00000000ec180000)
  from space 18944K, 0% used [0x00000000ed500000,0x00000000ed500000,0x00000000ee780000)
  to   space 19968K, 0% used [0x00000000ec180000,0x00000000ec180000,0x00000000ed500000)
 ParOldGen       total 212992K, used 32501K [0x00000000a0000000, 0x00000000ad000000, 0x00000000e0000000)
  object space 212992K, 15% used [0x00000000a0000000,0x00000000a1fbd568,0x00000000ad000000)
 Metaspace       used 66024K, capacity 68784K, committed 68904K, reserved 1107968K
  class space    used 9145K, capacity 9672K, committed 9768K, reserved 1048576K
Event: 15.591 GC heap after
Heap after GC invocations=14 (full 3):
 PSYoungGen      total 218112K, used 15461K [0x00000000e0000000, 0x00000000f1080000, 0x0000000100000000)
  eden space 198144K, 0% used [0x00000000e0000000,0x00000000e0000000,0x00000000ec180000)
  from space 19968K, 77% used [0x00000000ec180000,0x00000000ed0996f8,0x00000000ed500000)
  to   space 20480K, 0% used [0x00000000efc80000,0x00000000efc80000,0x00000000f1080000)
 ParOldGen       total 212992K, used 32509K [0x00000000a0000000, 0x00000000ad000000, 0x00000000e0000000)
  object space 212992K, 15% used [0x00000000a0000000,0x00000000a1fbf568,0x00000000ad000000)
 Metaspace       used 66024K, capacity 68784K, committed 68904K, reserved 1107968K
  class space    used 9145K, capacity 9672K, committed 9768K, reserved 1048576K
}
Event: 17.671 GC heap before
{Heap before GC invocations=15 (full 3):
 PSYoungGen      total 218112K, used 213605K [0x00000000e0000000, 0x00000000f1080000, 0x0000000100000000)
  eden space 198144K, 100% used [0x00000000e0000000,0x00000000ec180000,0x00000000ec180000)
  from space 19968K, 77% used [0x00000000ec180000,0x00000000ed0996f8,0x00000000ed500000)
  to   space 20480K, 0% used [0x00000000efc80000,0x00000000efc80000,0x00000000f1080000)
 ParOldGen       total 212992K, used 32509K [0x00000000a0000000, 0x00000000ad000000, 0x00000000e0000000)
  object space 212992K, 15% used [0x00000000a0000000,0x00000000a1fbf568,0x00000000ad000000)
 Metaspace       used 74271K, capacity 77730K, committed 77864K, reserved 1116160K
  class space    used 10150K, capacity 10784K, committed 10792K, reserved 1048576K
Event: 17.694 GC heap after
Heap after GC invocations=15 (full 3):
 PSYoungGen      total 253952K, used 20476K [0x00000000e0000000, 0x00000000f1680000, 0x0000000100000000)
  eden space 233472K, 0% used [0x00000000e0000000,0x00000000e0000000,0x00000000ee400000)
  from space 20480K, 99% used [0x00000000efc80000,0x00000000f107f100,0x00000000f1080000)
  to   space 25088K, 0% used [0x00000000ee400000,0x00000000ee400000,0x00000000efc80000)
 ParOldGen       total 212992K, used 39053K [0x00000000a0000000, 0x00000000ad000000, 0x00000000e0000000)
  object space 212992K, 18% used [0x00000000a0000000,0x00000000a2623468,0x00000000ad000000)
 Metaspace       used 74271K, capacity 77730K, committed 77864K, reserved 1116160K
  class space    used 10150K, capacity 10784K, committed 10792K, reserved 1048576K
}
Event: 1993.025 GC heap before
{Heap before GC invocations=16 (full 3):
 PSYoungGen      total 253952K, used 253948K [0x00000000e0000000, 0x00000000f1680000, 0x0000000100000000)
  eden space 233472K, 100% used [0x00000000e0000000,0x00000000ee400000,0x00000000ee400000)
  from space 20480K, 99% used [0x00000000efc80000,0x00000000f107f100,0x00000000f1080000)
  to   space 25088K, 0% used [0x00000000ee400000,0x00000000ee400000,0x00000000efc80000)
 ParOldGen       total 212992K, used 39053K [0x00000000a0000000, 0x00000000ad000000, 0x00000000e0000000)
  object space 212992K, 18% used [0x00000000a0000000,0x00000000a2623468,0x00000000ad000000)
 Metaspace       used 81685K, capacity 85524K, committed 85800K, reserved 1124352K
  class space    used 10737K, capacity 11490K, committed 11560K, reserved 1048576K
Event: 1993.066 GC heap after
Heap after GC invocations=16 (full 3):
 PSYoungGen      total 258560K, used 25063K [0x00000000e0000000, 0x00000000f3f00000, 0x0000000100000000)
  eden space 233472K, 0% used [0x00000000e0000000,0x00000000e0000000,0x00000000ee400000)
  from space 25088K, 99% used [0x00000000ee400000,0x00000000efc79df0,0x00000000efc80000)
  to   space 29184K, 0% used [0x00000000f2280000,0x00000000f2280000,0x00000000f3f00000)
 ParOldGen       total 212992K, used 40930K [0x00000000a0000000, 0x00000000ad000000, 0x00000000e0000000)
  object space 212992K, 19% used [0x00000000a0000000,0x00000000a27f8ae0,0x00000000ad000000)
 Metaspace       used 81685K, capacity 85524K, committed 85800K, reserved 1124352K
  class space    used 10737K, capacity 11490K, committed 11560K, reserved 1048576K
}

Deoptimization events (10 events):
Event: 1962.404 Thread 0x000000001e855800 Uncommon trap: reason=unstable_if action=reinterpret pc=0x000000000454c110 method=java.util.concurrent.ConcurrentLinkedQueue.offer(Ljava/lang/Object;)Z @ 40
Event: 1962.447 Thread 0x000000001e856800 Uncommon trap: reason=unstable_if action=reinterpret pc=0x0000000004b0c190 method=java.util.concurrent.ConcurrentLinkedQueue.offer(Ljava/lang/Object;)Z @ 40
Event: 1962.783 Thread 0x000000001e848000 Uncommon trap: reason=bimorphic action=maybe_recompile pc=0x00000000046410f8 method=org.gradle.api.internal.artifacts.transform.TransformationStep.lambda$createInvocation$1(Lorg/gradle/api/internal/artifacts/transform/TransformationSubject;Lorg/gradle/int
Event: 1962.843 Thread 0x000000001e848000 Uncommon trap: reason=class_check action=maybe_recompile pc=0x000000000305b810 method=org.gradle.internal.logging.text.AbstractLineChoppingStyledTextOutput$StateContext.flushLineText()V @ 110
Event: 1962.843 Thread 0x000000001e848000 Uncommon trap: reason=class_check action=maybe_recompile pc=0x000000000305b810 method=org.gradle.internal.logging.text.AbstractLineChoppingStyledTextOutput$StateContext.flushLineText()V @ 110
Event: 1962.850 Thread 0x000000001e848000 Uncommon trap: reason=bimorphic action=maybe_recompile pc=0x000000000367eff8 method=java.util.HashMap.removeNode(ILjava/lang/Object;Ljava/lang/Object;ZZ)Ljava/util/HashMap$Node; @ 143
Event: 1962.885 Thread 0x000000001e84c000 Uncommon trap: reason=unstable_if action=reinterpret pc=0x00000000034a24c8 method=java.util.concurrent.locks.AbstractQueuedSynchronizer.acquire(I)V @ 20
Event: 1993.066 Thread 0x00000000187b0800 Uncommon trap: reason=unstable_if action=reinterpret pc=0x000000000310f578 method=java.lang.ref.Reference.tryHandlePending(Z)Z @ 20
Event: 1993.078 Thread 0x000000001e848000 Uncommon trap: reason=unstable_if action=reinterpret pc=0x0000000004981a0c method=org.gradle.tooling.internal.provider.runner.SubtreeFilteringBuildOperationListener.started(Lorg/gradle/internal/operations/BuildOperationDescriptor;Lorg/gradle/internal/oper
Event: 1993.325 Thread 0x000000001e848000 Uncommon trap: reason=bimorphic action=maybe_recompile pc=0x000000000465c468 method=java.util.concurrent.ConcurrentHashMap.computeIfAbsent(Ljava/lang/Object;Ljava/util/function/Function;)Ljava/lang/Object; @ 278

Classes redefined (0 events):
No events

Internal exceptions (10 events):
Event: 1961.551 Thread 0x000000001e848000 Exception <a 'java/lang/ClassNotFoundException': build_3661y465jo7qqheajyk46kt3k$_run_closure1BeanInfo> (0x00000000e647e0e0) thrown at [C:\src\AOSP-openjdk-git\hotspot\src\share\vm\classfile\systemDictionary.cpp, line 210]
Event: 1961.552 Thread 0x000000001e848000 Exception <a 'java/lang/ClassNotFoundException': build_3661y465jo7qqheajyk46kt3k$_run_closure1Customizer> (0x00000000e648eda0) thrown at [C:\src\AOSP-openjdk-git\hotspot\src\share\vm\classfile\systemDictionary.cpp, line 210]
Event: 1961.731 Thread 0x000000001e848000 Implicit null exception at 0x000000000499cde3 to 0x000000000499d0c9
Event: 1962.370 Thread 0x000000001e848000 Exception <a 'java/lang/reflect/InvocationTargetException'> (0x00000000eb8c83a0) thrown at [C:\src\AOSP-openjdk-git\hotspot\src\share\vm\runtime\reflection.cpp, line 1092]
Event: 1962.838 Thread 0x000000001e848000 Exception <a 'sun/nio/fs/WindowsException'> (0x00000000ee2f8370) thrown at [C:\src\AOSP-openjdk-git\hotspot\src\share\vm\prims\jni.cpp, line 710]
Event: 1993.078 Thread 0x000000001e848000 Implicit null exception at 0x000000000498111e to 0x00000000049819f2
Event: 1993.126 Thread 0x000000001e848000 Exception <a 'java/lang/ClassNotFoundException': sync_studio_tooling7_9vr1u4ngnazpohpeqdji9na6nBeanInfo> (0x00000000e01603b8) thrown at [C:\src\AOSP-openjdk-git\hotspot\src\share\vm\classfile\systemDictionary.cpp, line 210]
Event: 1993.126 Thread 0x000000001e848000 Exception <a 'java/lang/ClassNotFoundException': sync_studio_tooling7_9vr1u4ngnazpohpeqdji9na6nCustomizer> (0x00000000e016e910) thrown at [C:\src\AOSP-openjdk-git\hotspot\src\share\vm\classfile\systemDictionary.cpp, line 210]
Event: 1993.194 Thread 0x000000001e848000 Exception <a 'java/lang/ClassNotFoundException': sync_studio_tooling7_9vr1u4ngnazpohpeqdji9na6nBeanInfo> (0x00000000e0644bf0) thrown at [C:\src\AOSP-openjdk-git\hotspot\src\share\vm\classfile\systemDictionary.cpp, line 210]
Event: 1993.194 Thread 0x000000001e848000 Exception <a 'java/lang/ClassNotFoundException': sync_studio_tooling7_9vr1u4ngnazpohpeqdji9na6nCustomizer> (0x00000000e0653098) thrown at [C:\src\AOSP-openjdk-git\hotspot\src\share\vm\classfile\systemDictionary.cpp, line 210]

Events (10 events):
Event: 1993.270 loading class org/gradle/cache/internal/btree/FileBackedBlockStore$1
Event: 1993.270 loading class org/gradle/cache/internal/btree/FileBackedBlockStore$1 done
Event: 1993.325 Thread 0x000000001e848000 Uncommon trap: trap_request=0xffffffc6 fr.pc=0x000000000465c468
Event: 1993.325 Thread 0x000000001e848000 DEOPT PACKING pc=0x000000000465c468 sp=0x000000002717a9c0
Event: 1993.325 Thread 0x000000001e848000 DEOPT UNPACKING pc=0x0000000002c4557b sp=0x000000002717a940 mode 2
Event: 1993.341 Thread 0x000000002124a000 Thread added: 0x000000002124a000
Event: 1993.341 Thread 0x0000000021247000 Thread added: 0x0000000021247000
Event: 1993.342 Thread 0x0000000021248000 Thread added: 0x0000000021248000
Event: 1993.342 Thread 0x0000000021243800 Thread added: 0x0000000021243800
Event: 1993.342 Thread 0x0000000021245000 Thread added: 0x0000000021245000


Dynamic libraries:
0x00007ff68e3b0000 - 0x00007ff68e3e1000 	D:\Android\jre\bin\java.exe
0x00007ffbf3500000 - 0x00007ffbf36ed000 	C:\Windows\SYSTEM32\ntdll.dll
0x00007ffbf1150000 - 0x00007ffbf1203000 	C:\Windows\System32\KERNEL32.DLL
0x00007ffbeffa0000 - 0x00007ffbf0235000 	C:\Windows\System32\KERNELBASE.dll
0x00007ffbf1880000 - 0x00007ffbf1923000 	C:\Windows\System32\ADVAPI32.dll
0x00007ffbf1b10000 - 0x00007ffbf1bae000 	C:\Windows\System32\msvcrt.dll
0x00007ffbf3310000 - 0x00007ffbf33ae000 	C:\Windows\System32\sechost.dll
0x00007ffbf1210000 - 0x00007ffbf1332000 	C:\Windows\System32\RPCRT4.dll
0x00007ffbf1970000 - 0x00007ffbf1b07000 	C:\Windows\System32\USER32.dll
0x00007ffbefdc0000 - 0x00007ffbefde0000 	C:\Windows\System32\win32u.dll
0x00007ffbf10c0000 - 0x00007ffbf10e9000 	C:\Windows\System32\GDI32.dll
0x00007ffbefe00000 - 0x00007ffbeff9a000 	C:\Windows\System32\gdi32full.dll
0x00007ffbf02c0000 - 0x00007ffbf0360000 	C:\Windows\System32\msvcp_win.dll
0x00007ffbf0360000 - 0x00007ffbf045a000 	C:\Windows\System32\ucrtbase.dll
0x00007ffbe19a0000 - 0x00007ffbe1c19000 	C:\Windows\WinSxS\amd64_microsoft.windows.common-controls_6595b64144ccf1df_6.0.17763.1282_none_de75b6f253473c0f\COMCTL32.dll
0x00007ffbf1550000 - 0x00007ffbf187c000 	C:\Windows\System32\combase.dll
0x00007ffbf0240000 - 0x00007ffbf02be000 	C:\Windows\System32\bcryptPrimitives.dll
0x00007ffbf0720000 - 0x00007ffbf074e000 	C:\Windows\System32\IMM32.DLL
0x00000000533b0000 - 0x0000000053482000 	D:\Android\jre\jre\bin\msvcr100.dll
0x0000000053570000 - 0x0000000053dbb000 	D:\Android\jre\jre\bin\server\jvm.dll
0x00007ffbf1930000 - 0x00007ffbf1938000 	C:\Windows\System32\PSAPI.DLL
0x00007ffbebfe0000 - 0x00007ffbec004000 	C:\Windows\SYSTEM32\WINMM.dll
0x00007ffbec320000 - 0x00007ffbec329000 	C:\Windows\SYSTEM32\WSOCK32.dll
0x00007ffbe81c0000 - 0x00007ffbe81ca000 	C:\Windows\SYSTEM32\VERSION.dll
0x00007ffbf33b0000 - 0x00007ffbf341d000 	C:\Windows\System32\WS2_32.dll
0x00007ffbebfb0000 - 0x00007ffbebfdd000 	C:\Windows\SYSTEM32\WINMMBASE.dll
0x00007ffbf06d0000 - 0x00007ffbf071a000 	C:\Windows\System32\cfgmgr32.dll
0x00007ffbec230000 - 0x00007ffbec23f000 	D:\Android\jre\jre\bin\verify.dll
0x00007ffbea0c0000 - 0x00007ffbea0e9000 	D:\Android\jre\jre\bin\java.dll
0x00007ffbea060000 - 0x00007ffbea076000 	D:\Android\jre\jre\bin\zip.dll
0x00007ffbf1bb0000 - 0x00007ffbf30a8000 	C:\Windows\System32\SHELL32.dll
0x00007ffbf3420000 - 0x00007ffbf34c8000 	C:\Windows\System32\shcore.dll
0x00007ffbef670000 - 0x00007ffbefdbf000 	C:\Windows\System32\windows.storage.dll
0x00007ffbef510000 - 0x00007ffbef534000 	C:\Windows\System32\profapi.dll
0x00007ffbef560000 - 0x00007ffbef5bd000 	C:\Windows\System32\powrprof.dll
0x00007ffbf1060000 - 0x00007ffbf10b2000 	C:\Windows\System32\shlwapi.dll
0x00007ffbef4f0000 - 0x00007ffbef501000 	C:\Windows\System32\kernel.appcore.dll
0x00007ffbefde0000 - 0x00007ffbefdf7000 	C:\Windows\System32\cryptsp.dll
0x00007ffbe9f80000 - 0x00007ffbe9f9a000 	D:\Android\jre\jre\bin\net.dll
0x00007ffbeed50000 - 0x00007ffbeedb7000 	C:\Windows\system32\mswsock.dll
0x00007ffbe8520000 - 0x00007ffbe8533000 	D:\Android\jre\jre\bin\nio.dll
0x00007ffbe0f50000 - 0x00007ffbe0f76000 	D:\device\.gradle\native\30\windows-amd64\native-platform.dll
0x00007ffbec220000 - 0x00007ffbec22d000 	D:\Android\jre\jre\bin\management.dll
0x00007ffbee8d0000 - 0x00007ffbee903000 	C:\Windows\system32\rsaenh.dll
0x00007ffbf0640000 - 0x00007ffbf0666000 	C:\Windows\System32\bcrypt.dll
0x00007ffbef420000 - 0x00007ffbef448000 	C:\Windows\SYSTEM32\USERENV.dll
0x00007ffbeef20000 - 0x00007ffbeef2c000 	C:\Windows\SYSTEM32\CRYPTBASE.dll
0x00007ffbeea70000 - 0x00007ffbeeaad000 	C:\Windows\SYSTEM32\IPHLPAPI.DLL
0x00007ffbf1960000 - 0x00007ffbf1968000 	C:\Windows\System32\NSI.dll
0x00007ffbea180000 - 0x00007ffbea196000 	C:\Windows\SYSTEM32\dhcpcsvc6.DLL
0x00007ffbea160000 - 0x00007ffbea17c000 	C:\Windows\SYSTEM32\dhcpcsvc.DLL
0x00007ffbeeab0000 - 0x00007ffbeeb77000 	C:\Windows\SYSTEM32\DNSAPI.dll

VM Arguments:
jvm_args: -Xmx1536m -Dfile.encoding=x-windows-949 -Duser.country=KR -Duser.language=ko -Duser.variant 
java_command: org.gradle.launcher.daemon.bootstrap.GradleDaemon 5.6.4
java_class_path (initial): D:\device\.gradle\wrapper\dists\gradle-5.6.4-all\ankdp27end7byghfw1q2sw75f\gradle-5.6.4\lib\gradle-launcher-5.6.4.jar
Launcher Type: SUN_STANDARD

Environment Variables:
JAVA_HOME=C:\Program Files\Java\jdk1.8.0_211\bin
CLASSPATH=%classpath%;.;.;.
PATH=C:\Windows\system32;C:\Program Files\Java\jdk1.8.0_211\bin;C:\Users\USER\AppData\Local\GitHubDesktop\app-2.5.0\resources\app\git\cmd;C:\Program Files\nodejs\;D:\ASK\android-sdk-windows-1.6_r1\emulator;D:\ASK\android-sdk-windows-1.6_r1\platform-tools;D:\ASK\android-sdk-windows-1.6_r1\tools;D:\ASK\android-sdk-windows-1.6_r1;C:\Users\USER\AppData\Local\Microsoft\WindowsApps;C:\Users\USER\AppData\Local\GitHubDesktop\bin;D:\Vs code\Microsoft VS Code\bin;C:\Program Files\Java\jdk1.8.0_211\bin\bin;C:\xampp\php;C:\Users\USER\composer;C:\Users\USER\AppData\Roaming\Composer\vendor\bin;C:\Program Files\heroku\bin;C:\Users\USER\AppData\Roaming\npm
USERNAME=USER
OS=Windows_NT
PROCESSOR_IDENTIFIER=Intel64 Family 6 Model 158 Stepping 10, GenuineIntel



---------------  S Y S T E M  ---------------

OS: Windows 10.0 , 64 bit Build 17763 (10.0.17763.1158)

CPU:total 8 (initial active 8) (4 cores per cpu, 2 threads per core) family 6 model 158 stepping 10, cmov, cx8, fxsr, mmx, sse, sse2, sse3, ssse3, sse4.1, sse4.2, popcnt, avx, avx2, aes, clmul, erms, 3dnowpref, lzcnt, ht, tsc, tscinvbit, bmi1, bmi2, adx

Memory: 4k page, physical 16615732k(5241932k free), swap 16615732k(4104k free)

vm_info: OpenJDK 64-Bit Server VM (25.242-b01) for windows-amd64 JRE (1.8.0_242-release-1644-b01), built by "builder" with MS VC++ 10.0 (VS2010)

time: Tue Jul 07 15:06:22 2020
timezone: 대한민국 표준시
elapsed time: 1993 seconds (0d 0h 33m 13s)

