#
# There is insufficient memory for the Java Runtime Environment to continue.
# Native memory allocation (malloc) failed to allocate 1056256 bytes for Chunk::new
# Possible reasons:
#   The system is out of physical RAM or swap space
#   The process is running with CompressedOops enabled, and the Java Heap may be blocking the growth of the native heap
# Possible solutions:
#   Reduce memory load on the system
#   Increase physical memory or swap space
#   Check if swap backing store is full
#   Decrease Java heap size (-Xmx/-Xms)
#   Decrease number of Java threads
#   Decrease Java thread stack sizes (-Xss)
#   Set larger code cache with -XX:ReservedCodeCacheSize=
#   JVM is running with Unscaled Compressed Oops mode in which the Java heap is
#     placed in the first 4GB address space. The Java Heap base address is the
#     maximum limit for the native heap growth. Please use -XX:HeapBaseMinAddress
#     to set the Java Heap base and to place the Java Heap above 4GB virtual address.
# This output file may be truncated or incomplete.
#
#  Out of Memory Error (allocation.cpp:389), pid=1476, tid=0x0000000000001cc4
#
# JRE version: OpenJDK Runtime Environment (8.0_242-b01) (build 1.8.0_242-release-1644-b01)
# Java VM: OpenJDK 64-Bit Server VM (25.242-b01 mixed mode windows-amd64 compressed oops)
# Failed to write core dump. Minidumps are not enabled by default on client versions of Windows
#

---------------  T H R E A D  ---------------

Current thread (0x000000001899d000):  JavaThread "C2 CompilerThread0" daemon [_thread_in_native, id=7364, stack(0x00000000191a0000,0x00000000192a0000)]

Stack: [0x00000000191a0000,0x00000000192a0000]
[error occurred during error reporting (printing stack bounds), id 0xc0000005]

Native frames: (J=compiled Java code, j=interpreted, Vv=VM code, C=native code)


Current CompileTask:
C2:   7892 2478       4       java.net.URLClassLoader$1::run (5 bytes)


---------------  P R O C E S S  ---------------

Java Threads: ( => current thread )
  0x000000001a778000 JavaThread "Cache worker for execution history cache (D:\device\.gradle\caches\5.6.4\executionHistory)" [_thread_blocked, id=15924, stack(0x00000000227e0000,0x00000000228e0000)]
  0x000000001a770800 JavaThread "Cache worker for cache directory md-rule (D:\device\.gradle\caches\5.6.4\md-rule)" [_thread_blocked, id=14252, stack(0x0000000021070000,0x0000000021170000)]
  0x000000001a777800 JavaThread "Cache worker for cache directory md-supplier (D:\device\.gradle\caches\5.6.4\md-supplier)" [_thread_blocked, id=7224, stack(0x000000001fab0000,0x000000001fbb0000)]
  0x000000001a76e800 JavaThread "Cache worker for file hash cache (D:\Github\Iot_Android\.gradle\5.6.4\fileHashes)" [_thread_blocked, id=15744, stack(0x000000001f9b0000,0x000000001fab0000)]
  0x000000001a775000 JavaThread "Cache worker for journal cache (D:\device\.gradle\caches\journal-1)" [_thread_blocked, id=15800, stack(0x000000001d320000,0x000000001d420000)]
  0x000000001a44e800 JavaThread "File lock request listener" [_thread_in_native, id=15792, stack(0x000000001d220000,0x000000001d320000)]
  0x000000001a44d800 JavaThread "Cache worker for file hash cache (D:\device\.gradle\caches\5.6.4\fileHashes)" [_thread_blocked, id=15756, stack(0x000000001d120000,0x000000001d220000)]
  0x000000001a44d000 JavaThread "Thread-9" [_thread_blocked, id=15636, stack(0x000000001ce20000,0x000000001cf20000)]
  0x000000001a44c000 JavaThread "Stdin handler" [_thread_blocked, id=15632, stack(0x000000001cd20000,0x000000001ce20000)]
  0x000000001a452000 JavaThread "Asynchronous log dispatcher for DefaultDaemonConnection: socket connection from /127.0.0.1:53371 to /127.0.0.1:53372" [_thread_blocked, id=2864, stack(0x000000001cb20000,0x000000001cc20000)]
  0x000000001a451800 JavaThread "Daemon worker" [_thread_in_native, id=3044, stack(0x000000001ca20000,0x000000001cb20000)]
  0x000000001a44b800 JavaThread "Cancel handler" [_thread_blocked, id=4892, stack(0x000000001c920000,0x000000001ca20000)]
  0x000000001a450000 JavaThread "Handler for socket connection from /127.0.0.1:53371 to /127.0.0.1:53372" [_thread_in_native, id=11588, stack(0x000000001c620000,0x000000001c720000)]
  0x000000001a450800 JavaThread "Daemon" [_thread_blocked, id=8404, stack(0x000000001c520000,0x000000001c620000)]
  0x000000001a44f000 JavaThread "Daemon periodic checks" [_thread_blocked, id=4884, stack(0x000000001c420000,0x000000001c520000)]
  0x000000001b1c7000 JavaThread "Incoming local TCP Connector on port 53371" [_thread_in_native, id=11716, stack(0x000000001c240000,0x000000001c340000)]
  0x000000001a1af000 JavaThread "Daemon health stats" [_thread_blocked, id=13392, stack(0x000000001bf40000,0x000000001c040000)]
  0x00000000189ad000 JavaThread "Service Thread" daemon [_thread_blocked, id=8752, stack(0x00000000195a0000,0x00000000196a0000)]
  0x00000000189a8800 JavaThread "C1 CompilerThread3" daemon [_thread_blocked, id=980, stack(0x00000000194a0000,0x00000000195a0000)]
  0x00000000189a4800 JavaThread "C2 CompilerThread2" daemon [_thread_in_native, id=12952, stack(0x00000000193a0000,0x00000000194a0000)]
  0x000000001899e800 JavaThread "C2 CompilerThread1" daemon [_thread_in_native, id=15080, stack(0x00000000192a0000,0x00000000193a0000)]
=>0x000000001899d000 JavaThread "C2 CompilerThread0" daemon [_thread_in_native, id=7364, stack(0x00000000191a0000,0x00000000192a0000)]
  0x000000001899b000 JavaThread "Attach Listener" daemon [_thread_blocked, id=2020, stack(0x00000000190a0000,0x00000000191a0000)]
  0x000000001899a000 JavaThread "Signal Dispatcher" daemon [_thread_blocked, id=12424, stack(0x0000000018fa0000,0x00000000190a0000)]
  0x0000000018930800 JavaThread "Finalizer" daemon [_thread_blocked, id=4968, stack(0x0000000018e10000,0x0000000018f10000)]
  0x0000000002d78800 JavaThread "Reference Handler" daemon [_thread_blocked, id=13520, stack(0x0000000018d10000,0x0000000018e10000)]
  0x0000000002c82800 JavaThread "main" [_thread_blocked, id=14064, stack(0x0000000002b80000,0x0000000002c80000)]

Other Threads:
  0x0000000016b37800 VMThread [stack: 0x0000000018810000,0x0000000018910000] [id=4576]
  0x00000000189ae800 WatcherThread [stack: 0x00000000196a0000,0x00000000197a0000] [id=15112]

VM state:not at safepoint (normal execution)

VM Mutex/Monitor currently owned by a thread: None

heap address: 0x00000000a0000000, size: 1536 MB, Compressed Oops mode: 32-bit
Narrow klass base: 0x0000000000000000, Narrow klass shift: 3
Compressed class space size: 1073741824 Address: 0x0000000100000000

Heap:
 PSYoungGen      total 75776K, used 69025K [0x00000000e0000000, 0x00000000e8d00000, 0x0000000100000000)
  eden space 65024K, 93% used [0x00000000e0000000,0x00000000e3b122c0,0x00000000e3f80000)
  from space 10752K, 79% used [0x00000000e3f80000,0x00000000e47d6360,0x00000000e4a00000)
  to   space 12800K, 0% used [0x00000000e8080000,0x00000000e8080000,0x00000000e8d00000)
 ParOldGen       total 84480K, used 7631K [0x00000000a0000000, 0x00000000a5280000, 0x00000000e0000000)
  object space 84480K, 9% used [0x00000000a0000000,0x00000000a0773c88,0x00000000a5280000)
 Metaspace       used 31959K, capacity 32672K, committed 33024K, reserved 1077248K
  class space    used 4379K, capacity 4577K, committed 4608K, reserved 1048576K

Card table byte_map: [0x0000000012140000,0x0000000012450000] byte_map_base: 0x0000000011c40000

Marking Bits: (ParMarkBitMap*) 0x000000006d37f030
 Begin Bits: [0x0000000012e50000, 0x0000000014650000)
 End Bits:   [0x0000000014650000, 0x0000000015e50000)

Polling page: 0x00000000007f0000

CodeCache: size=245760Kb used=9039Kb max_used=9051Kb free=236720Kb
 bounds [0x0000000002d80000, 0x0000000003660000, 0x0000000011d80000]
 total_blobs=3003 nmethods=2321 adapters=595
 compilation: enabled

Compilation events (10 events):
Event: 7.869 Thread 0x00000000189a8800 2530       3       com.google.common.collect.LinkedHashMultimap$ValueSet$1::hasNext (21 bytes)
Event: 7.869 Thread 0x00000000189a8800 nmethod 2530 0x0000000003656ed0 code [0x0000000003657060, 0x0000000003657388]
Event: 7.869 Thread 0x00000000189a8800 2531       3       com.google.common.collect.LinkedHashMultimap$ValueSet$1::checkForComodification (23 bytes)
Event: 7.869 Thread 0x00000000189a8800 nmethod 2531 0x00000000036569d0 code [0x0000000003656b40, 0x0000000003656da8]
Event: 7.869 Thread 0x00000000189a8800 2532       1       java.lang.reflect.Constructor::getSignature (5 bytes)
Event: 7.870 Thread 0x00000000189a8800 nmethod 2532 0x0000000003654dd0 code [0x0000000003654f20, 0x0000000003655030]
Event: 7.876 Thread 0x00000000189a8800 2533       3       org.gradle.internal.instantiation.AbstractClassGenerator$PropertyMetadata::<init> (65 bytes)
Event: 7.876 Thread 0x00000000189a8800 nmethod 2533 0x0000000003658550 code [0x0000000003658760, 0x00000000036592f0]
Event: 7.878 Thread 0x000000001899e800 2534       4       org.objectweb.asm.Frame::push (109 bytes)
Event: 7.883 Thread 0x000000001899e800 nmethod 2534 0x0000000003657e90 code [0x0000000003657fe0, 0x00000000036582f8]

GC Heap History (10 events):
Event: 5.650 GC heap before
{Heap before GC invocations=2 (full 0):
 PSYoungGen      total 75776K, used 70920K [0x00000000e0000000, 0x00000000e5480000, 0x0000000100000000)
  eden space 65024K, 100% used [0x00000000e0000000,0x00000000e3f80000,0x00000000e3f80000)
  from space 10752K, 54% used [0x00000000e3f80000,0x00000000e45420a0,0x00000000e4a00000)
  to   space 10752K, 0% used [0x00000000e4a00000,0x00000000e4a00000,0x00000000e5480000)
 ParOldGen       total 173568K, used 8K [0x00000000a0000000, 0x00000000aa980000, 0x00000000e0000000)
  object space 173568K, 0% used [0x00000000a0000000,0x00000000a0002000,0x00000000aa980000)
 Metaspace       used 14539K, capacity 14960K, committed 15232K, reserved 1062912K
  class space    used 2006K, capacity 2132K, committed 2176K, reserved 1048576K
Event: 5.659 GC heap after
Heap after GC invocations=2 (full 0):
 PSYoungGen      total 75776K, used 9660K [0x00000000e0000000, 0x00000000e5480000, 0x0000000100000000)
  eden space 65024K, 0% used [0x00000000e0000000,0x00000000e0000000,0x00000000e3f80000)
  from space 10752K, 89% used [0x00000000e4a00000,0x00000000e536f0e8,0x00000000e5480000)
  to   space 10752K, 0% used [0x00000000e3f80000,0x00000000e3f80000,0x00000000e4a00000)
 ParOldGen       total 173568K, used 16K [0x00000000a0000000, 0x00000000aa980000, 0x00000000e0000000)
  object space 173568K, 0% used [0x00000000a0000000,0x00000000a0004000,0x00000000aa980000)
 Metaspace       used 14539K, capacity 14960K, committed 15232K, reserved 1062912K
  class space    used 2006K, capacity 2132K, committed 2176K, reserved 1048576K
}
Event: 6.450 GC heap before
{Heap before GC invocations=3 (full 0):
 PSYoungGen      total 75776K, used 74684K [0x00000000e0000000, 0x00000000e5480000, 0x0000000100000000)
  eden space 65024K, 100% used [0x00000000e0000000,0x00000000e3f80000,0x00000000e3f80000)
  from space 10752K, 89% used [0x00000000e4a00000,0x00000000e536f0e8,0x00000000e5480000)
  to   space 10752K, 0% used [0x00000000e3f80000,0x00000000e3f80000,0x00000000e4a00000)
 ParOldGen       total 173568K, used 16K [0x00000000a0000000, 0x00000000aa980000, 0x00000000e0000000)
  object space 173568K, 0% used [0x00000000a0000000,0x00000000a0004000,0x00000000aa980000)
 Metaspace       used 19866K, capacity 20442K, committed 20736K, reserved 1067008K
  class space    used 2874K, capacity 3037K, committed 3072K, reserved 1048576K
Event: 6.460 GC heap after
Heap after GC invocations=3 (full 0):
 PSYoungGen      total 75776K, used 10722K [0x00000000e0000000, 0x00000000e5480000, 0x0000000100000000)
  eden space 65024K, 0% used [0x00000000e0000000,0x00000000e0000000,0x00000000e3f80000)
  from space 10752K, 99% used [0x00000000e3f80000,0x00000000e49f8a90,0x00000000e4a00000)
  to   space 10752K, 0% used [0x00000000e4a00000,0x00000000e4a00000,0x00000000e5480000)
 ParOldGen       total 173568K, used 1299K [0x00000000a0000000, 0x00000000aa980000, 0x00000000e0000000)
  object space 173568K, 0% used [0x00000000a0000000,0x00000000a0144ec0,0x00000000aa980000)
 Metaspace       used 19866K, capacity 20442K, committed 20736K, reserved 1067008K
  class space    used 2874K, capacity 3037K, committed 3072K, reserved 1048576K
}
Event: 6.527 GC heap before
{Heap before GC invocations=4 (full 0):
 PSYoungGen      total 75776K, used 16399K [0x00000000e0000000, 0x00000000e5480000, 0x0000000100000000)
  eden space 65024K, 8% used [0x00000000e0000000,0x00000000e058b450,0x00000000e3f80000)
  from space 10752K, 99% used [0x00000000e3f80000,0x00000000e49f8a90,0x00000000e4a00000)
  to   space 10752K, 0% used [0x00000000e4a00000,0x00000000e4a00000,0x00000000e5480000)
 ParOldGen       total 173568K, used 1299K [0x00000000a0000000, 0x00000000aa980000, 0x00000000e0000000)
  object space 173568K, 0% used [0x00000000a0000000,0x00000000a0144ec0,0x00000000aa980000)
 Metaspace       used 20599K, capacity 21120K, committed 21296K, reserved 1067008K
  class space    used 2963K, capacity 3134K, committed 3200K, reserved 1048576K
Event: 6.533 GC heap after
Heap after GC invocations=4 (full 0):
 PSYoungGen      total 75776K, used 7887K [0x00000000e0000000, 0x00000000e9400000, 0x0000000100000000)
  eden space 65024K, 0% used [0x00000000e0000000,0x00000000e0000000,0x00000000e3f80000)
  from space 10752K, 73% used [0x00000000e4a00000,0x00000000e51b3cb0,0x00000000e5480000)
  to   space 10752K, 0% used [0x00000000e3f80000,0x00000000e3f80000,0x00000000e4a00000)
 ParOldGen       total 173568K, used 1307K [0x00000000a0000000, 0x00000000aa980000, 0x00000000e0000000)
  object space 173568K, 0% used [0x00000000a0000000,0x00000000a0146ec0,0x00000000aa980000)
 Metaspace       used 20599K, capacity 21120K, committed 21296K, reserved 1067008K
  class space    used 2963K, capacity 3134K, committed 3200K, reserved 1048576K
}
Event: 6.533 GC heap before
{Heap before GC invocations=5 (full 1):
 PSYoungGen      total 75776K, used 7887K [0x00000000e0000000, 0x00000000e9400000, 0x0000000100000000)
  eden space 65024K, 0% used [0x00000000e0000000,0x00000000e0000000,0x00000000e3f80000)
  from space 10752K, 73% used [0x00000000e4a00000,0x00000000e51b3cb0,0x00000000e5480000)
  to   space 10752K, 0% used [0x00000000e3f80000,0x00000000e3f80000,0x00000000e4a00000)
 ParOldGen       total 173568K, used 1307K [0x00000000a0000000, 0x00000000aa980000, 0x00000000e0000000)
  object space 173568K, 0% used [0x00000000a0000000,0x00000000a0146ec0,0x00000000aa980000)
 Metaspace       used 20599K, capacity 21120K, committed 21296K, reserved 1067008K
  class space    used 2963K, capacity 3134K, committed 3200K, reserved 1048576K
Event: 6.562 GC heap after
Heap after GC invocations=5 (full 1):
 PSYoungGen      total 75776K, used 0K [0x00000000e0000000, 0x00000000e9400000, 0x0000000100000000)
  eden space 65024K, 0% used [0x00000000e0000000,0x00000000e0000000,0x00000000e3f80000)
  from space 10752K, 0% used [0x00000000e4a00000,0x00000000e4a00000,0x00000000e5480000)
  to   space 10752K, 0% used [0x00000000e3f80000,0x00000000e3f80000,0x00000000e4a00000)
 ParOldGen       total 84480K, used 7623K [0x00000000a0000000, 0x00000000a5280000, 0x00000000e0000000)
  object space 84480K, 9% used [0x00000000a0000000,0x00000000a0771c88,0x00000000a5280000)
 Metaspace       used 20599K, capacity 21120K, committed 21296K, reserved 1067008K
  class space    used 2963K, capacity 3134K, committed 3200K, reserved 1048576K
}
Event: 7.348 GC heap before
{Heap before GC invocations=6 (full 1):
 PSYoungGen      total 75776K, used 64987K [0x00000000e0000000, 0x00000000e9400000, 0x0000000100000000)
  eden space 65024K, 99% used [0x00000000e0000000,0x00000000e3f76d68,0x00000000e3f80000)
  from space 10752K, 0% used [0x00000000e4a00000,0x00000000e4a00000,0x00000000e5480000)
  to   space 10752K, 0% used [0x00000000e3f80000,0x00000000e3f80000,0x00000000e4a00000)
 ParOldGen       total 84480K, used 7623K [0x00000000a0000000, 0x00000000a5280000, 0x00000000e0000000)
  object space 84480K, 9% used [0x00000000a0000000,0x00000000a0771c88,0x00000000a5280000)
 Metaspace       used 28708K, capacity 29308K, committed 29568K, reserved 1075200K
  class space    used 3928K, capacity 4117K, committed 4224K, reserved 1048576K
Event: 7.354 GC heap after
Heap after GC invocations=6 (full 1):
 PSYoungGen      total 75776K, used 8536K [0x00000000e0000000, 0x00000000e8d00000, 0x0000000100000000)
  eden space 65024K, 0% used [0x00000000e0000000,0x00000000e0000000,0x00000000e3f80000)
  from space 10752K, 79% used [0x00000000e3f80000,0x00000000e47d6360,0x00000000e4a00000)
  to   space 12800K, 0% used [0x00000000e8080000,0x00000000e8080000,0x00000000e8d00000)
 ParOldGen       total 84480K, used 7631K [0x00000000a0000000, 0x00000000a5280000, 0x00000000e0000000)
  object space 84480K, 9% used [0x00000000a0000000,0x00000000a0773c88,0x00000000a5280000)
 Metaspace       used 28708K, capacity 29308K, committed 29568K, reserved 1075200K
  class space    used 3928K, capacity 4117K, committed 4224K, reserved 1048576K
}

Deoptimization events (10 events):
Event: 7.143 Thread 0x000000001a451800 Uncommon trap: reason=unstable_if action=reinterpret pc=0x0000000003004270 method=java.util.HashMap.hash(Ljava/lang/Object;)I @ 1
Event: 7.143 Thread 0x000000001a451800 Uncommon trap: reason=unstable_if action=reinterpret pc=0x0000000002ecc254 method=java.util.HashMap.putVal(ILjava/lang/Object;Ljava/lang/Object;ZZ)Ljava/lang/Object; @ 85
Event: 7.194 Thread 0x000000001a451800 Uncommon trap: reason=unstable_if action=reinterpret pc=0x0000000003049af0 method=java.util.LinkedHashMap.afterNodeInsertion(Z)V @ 1
Event: 7.387 Thread 0x000000001a451800 Uncommon trap: reason=class_check action=maybe_recompile pc=0x00000000033ca7ec method=sun.misc.URLClassPath.getLoader(I)Lsun/misc/URLClassPath$Loader; @ 94
Event: 7.387 Thread 0x000000001a451800 Uncommon trap: reason=unstable_if action=reinterpret pc=0x0000000003516214 method=java.lang.String.regionMatches(ZILjava/lang/String;II)Z @ 41
Event: 7.392 Thread 0x000000001a451800 Uncommon trap: reason=class_check action=maybe_recompile pc=0x00000000033cf454 method=sun.misc.URLClassPath.getLoader(I)Lsun/misc/URLClassPath$Loader; @ 239
Event: 7.503 Thread 0x000000001a451800 Uncommon trap: reason=unstable_if action=reinterpret pc=0x00000000030336cc method=java.io.WinNTFileSystem.resolve(Ljava/lang/String;Ljava/lang/String;)Ljava/lang/String; @ 49
Event: 7.577 Thread 0x000000001a451800 Uncommon trap: reason=bimorphic action=maybe_recompile pc=0x0000000002f1563c method=java.util.WeakHashMap.eq(Ljava/lang/Object;Ljava/lang/Object;)Z @ 7
Event: 7.770 Thread 0x000000001a451800 Uncommon trap: reason=class_check action=maybe_recompile pc=0x00000000035e5f90 method=sun.reflect.generics.reflectiveObjects.TypeVariableImpl.getGenericDeclaration()Ljava/lang/reflect/GenericDeclaration; @ 4
Event: 7.770 Thread 0x000000001a451800 Uncommon trap: reason=class_check action=maybe_recompile pc=0x00000000035e5f90 method=sun.reflect.generics.reflectiveObjects.TypeVariableImpl.getGenericDeclaration()Ljava/lang/reflect/GenericDeclaration; @ 4

Classes redefined (0 events):
No events

Internal exceptions (10 events):
Event: 7.574 Thread 0x000000001a451800 Exception <a 'java/lang/ClassNotFoundException': org/gradle/api/internal/DefaultNamedDomainObjectCollectionBeanInfo> (0x00000000e162a940) thrown at [C:\src\AOSP-openjdk-git\hotspot\src\share\vm\classfile\systemDictionary.cpp, line 210]
Event: 7.574 Thread 0x000000001a451800 Exception <a 'java/lang/ClassNotFoundException': org/gradle/api/internal/DefaultDomainObjectCollectionBeanInfo> (0x00000000e165e978) thrown at [C:\src\AOSP-openjdk-git\hotspot\src\share\vm\classfile\systemDictionary.cpp, line 210]
Event: 7.575 Thread 0x000000001a451800 Exception <a 'java/lang/ClassNotFoundException': java/util/AbstractCollectionBeanInfo> (0x00000000e16630d0) thrown at [C:\src\AOSP-openjdk-git\hotspot\src\share\vm\classfile\systemDictionary.cpp, line 210]
Event: 7.575 Thread 0x000000001a451800 Exception <a 'java/lang/ClassNotFoundException': java/util/AbstractCollectionCustomizer> (0x00000000e16679d8) thrown at [C:\src\AOSP-openjdk-git\hotspot\src\share\vm\classfile\systemDictionary.cpp, line 210]
Event: 7.577 Thread 0x000000001a451800 Exception <a 'java/lang/ClassNotFoundException': org/gradle/api/internal/DefaultDomainObjectCollectionCustomizer> (0x00000000e16a6eb8) thrown at [C:\src\AOSP-openjdk-git\hotspot\src\share\vm\classfile\systemDictionary.cpp, line 210]
Event: 7.581 Thread 0x000000001a451800 Exception <a 'java/lang/ClassNotFoundException': org/gradle/api/internal/DefaultNamedDomainObjectCollectionCustomizer> (0x00000000e1704cc8) thrown at [C:\src\AOSP-openjdk-git\hotspot\src\share\vm\classfile\systemDictionary.cpp, line 210]
Event: 7.584 Thread 0x000000001a451800 Exception <a 'java/lang/ClassNotFoundException': org/gradle/api/internal/DefaultNamedDomainObjectListCustomizer> (0x00000000e1779278) thrown at [C:\src\AOSP-openjdk-git\hotspot\src\share\vm\classfile\systemDictionary.cpp, line 210]
Event: 7.586 Thread 0x000000001a451800 Exception <a 'java/lang/ClassNotFoundException': org/gradle/api/internal/artifacts/DefaultArtifactRepositoryContainerCustomizer> (0x00000000e17eea78) thrown at [C:\src\AOSP-openjdk-git\hotspot\src\share\vm\classfile\systemDictionary.cpp, line 210]
Event: 7.588 Thread 0x000000001a451800 Exception <a 'java/lang/ClassNotFoundException': org/gradle/api/internal/artifacts/dsl/DefaultRepositoryHandlerCustomizer> (0x00000000e1854780) thrown at [C:\src\AOSP-openjdk-git\hotspot\src\share\vm\classfile\systemDictionary.cpp, line 210]
Event: 7.591 Thread 0x000000001a451800 Exception <a 'java/lang/ClassNotFoundException': org/gradle/api/internal/artifacts/dsl/DefaultRepositoryHandler_DecoratedCustomizer> (0x00000000e18d0f70) thrown at [C:\src\AOSP-openjdk-git\hotspot\src\share\vm\classfile\systemDictionary.cpp, line 210]

Events (10 events):
Event: 7.889 Executing VM operation: RevokeBias
Event: 7.889 Executing VM operation: RevokeBias done
Event: 7.889 loading class org/gradle/api/internal/artifacts/dependencies/AbstractDependency
Event: 7.889 loading class org/gradle/api/internal/artifacts/dependencies/AbstractDependency done
Event: 7.889 loading class org/gradle/api/internal/artifacts/ResolvableDependency
Event: 7.889 loading class org/gradle/api/internal/artifacts/ResolvableDependency done
Event: 7.890 loading class org/gradle/api/internal/notations/DependencyFilesNotationConverter
Event: 7.890 loading class org/gradle/api/internal/notations/DependencyFilesNotationConverter done
Event: 7.891 loading class org/gradle/internal/typeconversion/TypeFilteringNotationConverter
Event: 7.891 loading class org/gradle/internal/typeconversion/TypeFilteringNotationConverter done


Dynamic libraries:
0x00007ff634aa0000 - 0x00007ff634ad1000 	D:\Android\jre\bin\java.exe
0x00007ff8ac610000 - 0x00007ff8ac7fd000 	C:\Windows\SYSTEM32\ntdll.dll
0x00007ff8aa9d0000 - 0x00007ff8aaa83000 	C:\Windows\System32\KERNEL32.DLL
0x00007ff8a8c70000 - 0x00007ff8a8f05000 	C:\Windows\System32\KERNELBASE.dll
0x00007ff8aacc0000 - 0x00007ff8aad63000 	C:\Windows\System32\ADVAPI32.dll
0x00007ff8aad70000 - 0x00007ff8aae0e000 	C:\Windows\System32\msvcrt.dll
0x00007ff8aafb0000 - 0x00007ff8ab04e000 	C:\Windows\System32\sechost.dll
0x00007ff8aae80000 - 0x00007ff8aafa2000 	C:\Windows\System32\RPCRT4.dll
0x00007ff8aa4d0000 - 0x00007ff8aa667000 	C:\Windows\System32\USER32.dll
0x00007ff8a86d0000 - 0x00007ff8a86f0000 	C:\Windows\System32\win32u.dll
0x00007ff8aa9a0000 - 0x00007ff8aa9c9000 	C:\Windows\System32\GDI32.dll
0x00007ff8a89d0000 - 0x00007ff8a8b6a000 	C:\Windows\System32\gdi32full.dll
0x00007ff8a8b70000 - 0x00007ff8a8c10000 	C:\Windows\System32\msvcp_win.dll
0x00007ff8a8fc0000 - 0x00007ff8a90ba000 	C:\Windows\System32\ucrtbase.dll
0x00007ff89c270000 - 0x00007ff89c4e9000 	C:\Windows\WinSxS\amd64_microsoft.windows.common-controls_6595b64144ccf1df_6.0.17763.1282_none_de75b6f253473c0f\COMCTL32.dll
0x00007ff8a9d80000 - 0x00007ff8aa0ac000 	C:\Windows\System32\combase.dll
0x00007ff8a8950000 - 0x00007ff8a89ce000 	C:\Windows\System32\bcryptPrimitives.dll
0x00007ff8aa960000 - 0x00007ff8aa98e000 	C:\Windows\System32\IMM32.DLL
0x000000006c070000 - 0x000000006c142000 	D:\Android\jre\jre\bin\msvcr100.dll
0x000000006cbb0000 - 0x000000006d3fb000 	D:\Android\jre\jre\bin\server\jvm.dll
0x00007ff8ab0d0000 - 0x00007ff8ab0d8000 	C:\Windows\System32\PSAPI.DLL
0x00007ff8a4e70000 - 0x00007ff8a4e79000 	C:\Windows\SYSTEM32\WSOCK32.dll
0x00007ff8a6210000 - 0x00007ff8a6234000 	C:\Windows\SYSTEM32\WINMM.dll
0x00007ff89d4e0000 - 0x00007ff89d4ea000 	C:\Windows\SYSTEM32\VERSION.dll
0x00007ff8aa7e0000 - 0x00007ff8aa84d000 	C:\Windows\System32\WS2_32.dll
0x00007ff8a6010000 - 0x00007ff8a603d000 	C:\Windows\SYSTEM32\WINMMBASE.dll
0x00007ff8a8720000 - 0x00007ff8a876a000 	C:\Windows\System32\cfgmgr32.dll
0x00007ff89ee60000 - 0x00007ff89ee6f000 	D:\Android\jre\jre\bin\verify.dll
0x00007ff898f60000 - 0x00007ff898f89000 	D:\Android\jre\jre\bin\java.dll
0x00007ff898f40000 - 0x00007ff898f56000 	D:\Android\jre\jre\bin\zip.dll
0x00007ff8ab0e0000 - 0x00007ff8ac5d8000 	C:\Windows\System32\SHELL32.dll
0x00007ff8aabf0000 - 0x00007ff8aac98000 	C:\Windows\System32\shcore.dll
0x00007ff8a90e0000 - 0x00007ff8a982f000 	C:\Windows\System32\windows.storage.dll
0x00007ff8a8620000 - 0x00007ff8a8644000 	C:\Windows\System32\profapi.dll
0x00007ff8a8670000 - 0x00007ff8a86cd000 	C:\Windows\System32\powrprof.dll
0x00007ff8aa2e0000 - 0x00007ff8aa332000 	C:\Windows\System32\shlwapi.dll
0x00007ff8a8600000 - 0x00007ff8a8611000 	C:\Windows\System32\kernel.appcore.dll
0x00007ff8a90c0000 - 0x00007ff8a90d7000 	C:\Windows\System32\cryptsp.dll
0x00007ff898f20000 - 0x00007ff898f3a000 	D:\Android\jre\jre\bin\net.dll
0x00007ff8a7e60000 - 0x00007ff8a7ec7000 	C:\Windows\system32\mswsock.dll
0x00007ff898f00000 - 0x00007ff898f13000 	D:\Android\jre\jre\bin\nio.dll
0x00007ff898d30000 - 0x00007ff898d56000 	D:\device\.gradle\native\30\windows-amd64\native-platform.dll
0x00007ff89dd80000 - 0x00007ff89dd8d000 	D:\Android\jre\jre\bin\management.dll
0x00007ff8a79e0000 - 0x00007ff8a7a13000 	C:\Windows\system32\rsaenh.dll
0x00007ff8a86f0000 - 0x00007ff8a8716000 	C:\Windows\System32\bcrypt.dll
0x00007ff8a84f0000 - 0x00007ff8a8518000 	C:\Windows\SYSTEM32\USERENV.dll
0x00007ff8a8030000 - 0x00007ff8a803c000 	C:\Windows\SYSTEM32\CRYPTBASE.dll
0x00007ff8a7b80000 - 0x00007ff8a7bbd000 	C:\Windows\SYSTEM32\IPHLPAPI.DLL
0x00007ff8aae70000 - 0x00007ff8aae78000 	C:\Windows\System32\NSI.dll
0x00007ff89f1c0000 - 0x00007ff89f1d6000 	C:\Windows\SYSTEM32\dhcpcsvc6.DLL
0x00007ff89f1a0000 - 0x00007ff89f1bc000 	C:\Windows\SYSTEM32\dhcpcsvc.DLL
0x00007ff8a7bc0000 - 0x00007ff8a7c87000 	C:\Windows\SYSTEM32\DNSAPI.dll

VM Arguments:
jvm_args: -Xmx1536m -Dfile.encoding=x-windows-949 -Duser.country=KR -Duser.language=ko -Duser.variant 
java_command: org.gradle.launcher.daemon.bootstrap.GradleDaemon 5.6.4
java_class_path (initial): D:\device\.gradle\wrapper\dists\gradle-5.6.4-all\ankdp27end7byghfw1q2sw75f\gradle-5.6.4\lib\gradle-launcher-5.6.4.jar
Launcher Type: SUN_STANDARD

Environment Variables:
JAVA_HOME=C:\Program Files\Java\jdk1.8.0_211\bin
CLASSPATH=%classpath%;.;.;.
PATH=C:\Windows\system32;C:\Program Files\Java\jdk1.8.0_211\bin;C:\Users\USER\AppData\Local\GitHubDesktop\app-2.5.0\resources\app\git\cmd;C:\Program Files\nodejs\;D:\ASK\android-sdk-windows-1.6_r1\emulator;D:\ASK\android-sdk-windows-1.6_r1\platform-tools;D:\ASK\android-sdk-windows-1.6_r1\tools;D:\ASK\android-sdk-windows-1.6_r1;C:\Users\USER\AppData\Local\Microsoft\WindowsApps;C:\Users\USER\AppData\Local\GitHubDesktop\bin;D:\Vs code\Microsoft VS Code\bin;C:\Program Files\Java\jdk1.8.0_211\bin\bin;C:\xampp\php;C:\Users\USER\composer;C:\Users\USER\AppData\Roaming\Composer\vendor\bin;C:\Program Files\heroku\bin;C:\Users\USER\AppData\Roaming\npm
USERNAME=USER
OS=Windows_NT
PROCESSOR_IDENTIFIER=Intel64 Family 6 Model 158 Stepping 10, GenuineIntel



---------------  S Y S T E M  ---------------

OS: Windows 10.0 , 64 bit Build 17763 (10.0.17763.1158)

CPU:total 8 (initial active 8) (4 cores per cpu, 2 threads per core) family 6 model 158 stepping 10, cmov, cx8, fxsr, mmx, sse, sse2, sse3, ssse3, sse4.1, sse4.2, popcnt, avx, avx2, aes, clmul, erms, 3dnowpref, lzcnt, ht, tsc, tscinvbit, bmi1, bmi2, adx

Memory: 4k page, physical 16615732k(5346176k free), swap 16615732k(768k free)

vm_info: OpenJDK 64-Bit Server VM (25.242-b01) for windows-amd64 JRE (1.8.0_242-release-1644-b01), built by "builder" with MS VC++ 10.0 (VS2010)

time: Mon Jun 15 15:31:07 2020
timezone: 대한민국 표준시
elapsed time: 7 seconds (0d 0h 0m 7s)

