#
# There is insufficient memory for the Java Runtime Environment to continue.
# Native memory allocation (malloc) failed to allocate 255056 bytes for Chunk::new
# Possible reasons:
#   The system is out of physical RAM or swap space
#   The process is running with CompressedOops enabled, and the Java Heap may be blocking the growth of the native heap
# Possible solutions:
#   Reduce memory load on the system
#   Increase physical memory or swap space
#   Check if swap backing store is full
#   Decrease Java heap size (-Xmx/-Xms)
#   Decrease number of Java threads
#   Decrease Java thread stack sizes (-Xss)
#   Set larger code cache with -XX:ReservedCodeCacheSize=
#   JVM is running with Unscaled Compressed Oops mode in which the Java heap is
#     placed in the first 4GB address space. The Java Heap base address is the
#     maximum limit for the native heap growth. Please use -XX:HeapBaseMinAddress
#     to set the Java Heap base and to place the Java Heap above 4GB virtual address.
# This output file may be truncated or incomplete.
#
#  Out of Memory Error (allocation.cpp:389), pid=7680, tid=0x0000000000003428
#
# JRE version: OpenJDK Runtime Environment (8.0_242-b01) (build 1.8.0_242-release-1644-b01)
# Java VM: OpenJDK 64-Bit Server VM (25.242-b01 mixed mode windows-amd64 compressed oops)
# Failed to write core dump. Minidumps are not enabled by default on client versions of Windows
#

---------------  T H R E A D  ---------------

Current thread (0x0000000018c8b800):  JavaThread "C2 CompilerThread0" daemon [_thread_in_native, id=13352, stack(0x0000000019490000,0x0000000019590000)]

Stack: [0x0000000019490000,0x0000000019590000]
[error occurred during error reporting (printing stack bounds), id 0xc0000005]

Native frames: (J=compiled Java code, j=interpreted, Vv=VM code, C=native code)


Current CompileTask:
C2:  89952 16525       4       com.android.tools.r8.u.c.o::a (1157 bytes)


---------------  P R O C E S S  ---------------

Java Threads: ( => current thread )
  0x000000001ea1a000 JavaThread "WorkerExecutor Queue Thread 12" [_thread_blocked, id=8924, stack(0x0000000030e30000,0x0000000030f30000)]
  0x000000001ea1e800 JavaThread "WorkerExecutor Queue Thread 11" [_thread_in_native, id=4308, stack(0x0000000030d30000,0x0000000030e30000)]
  0x000000001ea1e000 JavaThread "WorkerExecutor Queue Thread 10" [_thread_in_native, id=6252, stack(0x0000000030c30000,0x0000000030d30000)]
  0x000000001ea1b000 JavaThread "Cache worker for Java compile cache (D:\Github\Iot_Android\.gradle\5.6.4\javaCompile)" [_thread_blocked, id=15668, stack(0x0000000030b30000,0x0000000030c30000)]
  0x000000001ea19800 JavaThread "Cache worker for Java compile cache (D:\device\.gradle\caches\5.6.4\javaCompile)" [_thread_blocked, id=15340, stack(0x0000000030a30000,0x0000000030b30000)]
  0x000000001f783000 JavaThread "WorkerExecutor Queue Thread 9" [_thread_in_Java, id=1088, stack(0x0000000030930000,0x0000000030a30000)]
  0x000000001f77a000 JavaThread "RMI TCP Connection(1)-127.0.0.1" daemon [_thread_in_native, id=16100, stack(0x0000000030830000,0x0000000030930000)]
  0x000000001f780000 JavaThread "RMI Reaper" [_thread_blocked, id=12864, stack(0x0000000030730000,0x0000000030830000)]
  0x0000000020a33800 JavaThread "RMI TCP Accept-0" daemon [_thread_in_native, id=1804, stack(0x0000000030630000,0x0000000030730000)]
  0x0000000020a32000 JavaThread "GC Daemon" daemon [_thread_blocked, id=6804, stack(0x0000000030530000,0x0000000030630000)]
  0x0000000020a31800 JavaThread "RMI RenewClean-[127.0.0.1:17579,org.jetbrains.kotlin.daemon.common.LoopbackNetworkInterface$ClientLoopbackSocketFactory@2b69f086]" daemon [_thread_blocked, id=8552, stack(0x0000000030430000,0x0000000030530000)]
  0x0000000020a36800 JavaThread "RMI Scheduler(0)" daemon [_thread_blocked, id=12932, stack(0x0000000030330000,0x0000000030430000)]
  0x0000000020a36000 JavaThread "stdout" [_thread_in_native, id=10392, stack(0x0000000030130000,0x0000000030230000)]
  0x0000000020a35000 JavaThread "stderr" [_thread_in_native, id=9316, stack(0x0000000030030000,0x0000000030130000)]
  0x0000000020a30000 JavaThread "stdout" [_thread_in_native, id=1328, stack(0x000000002ff30000,0x0000000030030000)]
  0x0000000020a33000 JavaThread "stderr" [_thread_in_native, id=92, stack(0x000000002fe30000,0x000000002ff30000)]
  0x0000000020a30800 JavaThread "stdout" [_thread_in_native, id=10664, stack(0x000000002fd30000,0x000000002fe30000)]
  0x0000000020a34800 JavaThread "stderr" [_thread_in_native, id=7276, stack(0x000000002fc30000,0x000000002fd30000)]
  0x0000000020a28800 JavaThread "stdout" [_thread_in_native, id=1376, stack(0x000000002fb30000,0x000000002fc30000)]
  0x0000000020a2d000 JavaThread "stderr" [_thread_in_native, id=14200, stack(0x000000002fa30000,0x000000002fb30000)]
  0x0000000020a2e800 JavaThread "stdout" [_thread_in_native, id=1496, stack(0x000000002f930000,0x000000002fa30000)]
  0x0000000020a2c000 JavaThread "stderr" [_thread_in_native, id=16024, stack(0x000000002f830000,0x000000002f930000)]
  0x0000000020a2f000 JavaThread "stdout" [_thread_in_native, id=7260, stack(0x000000002f730000,0x000000002f830000)]
  0x0000000020a2a800 JavaThread "stderr" [_thread_in_native, id=15924, stack(0x000000002f630000,0x000000002f730000)]
  0x0000000020a2d800 JavaThread "WorkerExecutor Queue Thread 8" [_thread_blocked, id=11716, stack(0x000000002f530000,0x000000002f630000)]
  0x0000000020a2a000 JavaThread "MarlinRenderer Disposer" daemon [_thread_blocked, id=1052, stack(0x000000002f430000,0x000000002f530000)]
  0x0000000020a29000 JavaThread "Java2D Disposer" daemon [_thread_blocked, id=15084, stack(0x000000002f330000,0x000000002f430000)]
  0x0000000019f48800 JavaThread "WorkerExecutor Queue Thread 6" [_thread_in_Java, id=6988, stack(0x000000002ee30000,0x000000002ef30000)]
  0x000000001f784000 JavaThread "WorkerExecutor Queue Thread 5" [_thread_in_vm, id=8536, stack(0x000000002ed30000,0x000000002ee30000)]
  0x000000001f782800 JavaThread "WorkerExecutor Queue Thread 3" [_thread_blocked, id=16252, stack(0x000000002eb30000,0x000000002ec30000)]
  0x000000001f781000 JavaThread "WorkerExecutor Queue Thread 2" [_thread_in_native, id=16188, stack(0x000000002ea30000,0x000000002eb30000)]
  0x000000001f786000 JavaThread "stdout" [_thread_in_native, id=14668, stack(0x000000002e830000,0x000000002e930000)]
  0x000000001f785800 JavaThread "stderr" [_thread_in_native, id=10064, stack(0x000000002e730000,0x000000002e830000)]
  0x000000001f781800 JavaThread "pool-13-thread-1" [_thread_blocked, id=3632, stack(0x000000002e630000,0x000000002e730000)]
  0x000000001f778000 JavaThread "Cache worker for execution history cache (D:\Github\Iot_Android\.gradle\5.6.4\executionHistory)" [_thread_blocked, id=1156, stack(0x000000002dd30000,0x000000002de30000)]
  0x000000001f77b800 JavaThread "Execution worker for ':' Thread 7" [_thread_blocked, id=14852, stack(0x000000002dc30000,0x000000002dd30000)]
  0x000000001f77b000 JavaThread "Execution worker for ':' Thread 6" [_thread_blocked, id=14500, stack(0x000000002db30000,0x000000002dc30000)]
  0x000000001f77e800 JavaThread "Execution worker for ':' Thread 5" [_thread_blocked, id=6324, stack(0x000000002da30000,0x000000002db30000)]
  0x000000001f779800 JavaThread "Execution worker for ':' Thread 4" [_thread_blocked, id=6532, stack(0x000000002d930000,0x000000002da30000)]
  0x000000001f777000 JavaThread "Execution worker for ':' Thread 3" [_thread_blocked, id=12148, stack(0x000000002d830000,0x000000002d930000)]
  0x000000001f77c800 JavaThread "Execution worker for ':' Thread 2" [_thread_blocked, id=7840, stack(0x000000002d730000,0x000000002d830000)]
  0x000000001f77e000 JavaThread "Execution worker for ':'" [_thread_blocked, id=2688, stack(0x000000002d630000,0x000000002d730000)]
  0x000000001f77d000 JavaThread "Cache worker for file content cache (D:\Github\Iot_Android\.gradle\5.6.4\fileContent)" [_thread_blocked, id=2972, stack(0x000000002d530000,0x000000002d630000)]
  0x000000001f778800 JavaThread "Cache worker for file content cache (D:\device\.gradle\caches\5.6.4\fileContent)" [_thread_blocked, id=15964, stack(0x000000002d430000,0x000000002d530000)]
  0x0000000019f4e000 JavaThread "Cache worker for Build Output Cleanup Cache (D:\Github\Iot_Android\.gradle\buildOutputCleanup)" [_thread_blocked, id=8564, stack(0x000000002d330000,0x000000002d430000)]
  0x0000000019f4b800 JavaThread "pool-4-thread-1" [_thread_blocked, id=2052, stack(0x000000002d230000,0x000000002d330000)]
  0x0000000019f49800 JavaThread "Build operations Thread 8" [_thread_blocked, id=1752, stack(0x000000002d130000,0x000000002d230000)]
  0x000000001a13e800 JavaThread "Build operations Thread 7" [_thread_blocked, id=4428, stack(0x000000002d030000,0x000000002d130000)]
  0x000000001a142800 JavaThread "Build operations Thread 6" [_thread_blocked, id=560, stack(0x000000002cf30000,0x000000002d030000)]
  0x000000001a141800 JavaThread "Build operations Thread 5" [_thread_blocked, id=4460, stack(0x000000002ce30000,0x000000002cf30000)]
  0x000000001a141000 JavaThread "Build operations Thread 4" [_thread_blocked, id=13336, stack(0x000000002cd30000,0x000000002ce30000)]
  0x000000001a144800 JavaThread "Build operations Thread 3" [_thread_blocked, id=11708, stack(0x000000002cc30000,0x000000002cd30000)]
  0x000000001a13e000 JavaThread "Build operations Thread 2" [_thread_blocked, id=12528, stack(0x000000002cb30000,0x000000002cc30000)]
  0x000000001a140000 JavaThread "Build operations" [_thread_blocked, id=3464, stack(0x000000002ca30000,0x000000002cb30000)]
  0x000000001a136800 JavaThread "Cache worker for cache directory md-rule (D:\device\.gradle\caches\5.6.4\md-rule)" [_thread_blocked, id=14868, stack(0x000000002c930000,0x000000002ca30000)]
  0x000000001a13d000 JavaThread "Cache worker for cache directory md-supplier (D:\device\.gradle\caches\5.6.4\md-supplier)" [_thread_blocked, id=14504, stack(0x000000002c830000,0x000000002c930000)]
  0x000000001a135800 JavaThread "Cache worker for file hash cache (D:\Github\Iot_Android\.gradle\5.6.4\fileHashes)" [_thread_blocked, id=10112, stack(0x000000002c730000,0x000000002c830000)]
  0x000000001a13c800 JavaThread "Thread-54" [_thread_blocked, id=15388, stack(0x000000002c630000,0x000000002c730000)]
  0x000000001a13b000 JavaThread "Stdin handler" [_thread_blocked, id=16084, stack(0x000000002c530000,0x000000002c630000)]
  0x000000001a13a000 JavaThread "Asynchronous log dispatcher for DefaultDaemonConnection: socket connection from /127.0.0.1:53522 to /127.0.0.1:53581" [_thread_blocked, id=3940, stack(0x000000002c430000,0x000000002c530000)]
  0x000000001a139800 JavaThread "Cancel handler" [_thread_blocked, id=13892, stack(0x000000002c330000,0x000000002c430000)]
  0x000000001a137000 JavaThread "Handler for socket connection from /127.0.0.1:53522 to /127.0.0.1:53581" [_thread_in_native, id=13596, stack(0x000000002c230000,0x000000002c330000)]
  0x000000001a138800 JavaThread "Memory manager" [_thread_blocked, id=10024, stack(0x0000000024c70000,0x0000000024d70000)]
  0x0000000019f4c800 JavaThread "Cache worker for execution history cache (D:\device\.gradle\caches\5.6.4\executionHistory)" [_thread_blocked, id=8944, stack(0x0000000021060000,0x0000000021160000)]
  0x0000000019f48000 JavaThread "Cache worker for journal cache (D:\device\.gradle\caches\journal-1)" [_thread_blocked, id=9692, stack(0x000000001d610000,0x000000001d710000)]
  0x0000000019f4a000 JavaThread "File lock request listener" [_thread_in_native, id=8544, stack(0x000000001d510000,0x000000001d610000)]
  0x000000001b742000 JavaThread "Cache worker for file hash cache (D:\device\.gradle\caches\5.6.4\fileHashes)" [_thread_blocked, id=4420, stack(0x000000001d410000,0x000000001d510000)]
  0x000000001b668800 JavaThread "Daemon worker" [_thread_blocked, id=3636, stack(0x000000001cd10000,0x000000001ce10000)]
  0x000000001b614000 JavaThread "Daemon" [_thread_blocked, id=4492, stack(0x000000001c810000,0x000000001c910000)]
  0x000000001b5af800 JavaThread "Daemon periodic checks" [_thread_blocked, id=13700, stack(0x000000001c710000,0x000000001c810000)]
  0x000000001b593000 JavaThread "Incoming local TCP Connector on port 53522" [_thread_in_native, id=12972, stack(0x000000001c530000,0x000000001c630000)]
  0x000000001b55b800 JavaThread "Daemon health stats" [_thread_blocked, id=9568, stack(0x000000001c230000,0x000000001c330000)]
  0x0000000018cdb000 JavaThread "Service Thread" daemon [_thread_blocked, id=8072, stack(0x0000000019890000,0x0000000019990000)]
  0x0000000018ca2000 JavaThread "C1 CompilerThread3" daemon [_thread_in_native, id=7152, stack(0x0000000019790000,0x0000000019890000)]
  0x0000000018c9e800 JavaThread "C2 CompilerThread2" daemon [_thread_in_native, id=6740, stack(0x0000000019690000,0x0000000019790000)]
  0x0000000018c8f000 JavaThread "C2 CompilerThread1" daemon [_thread_in_native, id=596, stack(0x0000000019590000,0x0000000019690000)]
=>0x0000000018c8b800 JavaThread "C2 CompilerThread0" daemon [_thread_in_native, id=13352, stack(0x0000000019490000,0x0000000019590000)]
  0x0000000018c8a000 JavaThread "Attach Listener" daemon [_thread_blocked, id=12720, stack(0x0000000019390000,0x0000000019490000)]
  0x0000000018c89000 JavaThread "Signal Dispatcher" daemon [_thread_blocked, id=12860, stack(0x0000000019290000,0x0000000019390000)]
  0x0000000003057800 JavaThread "Finalizer" daemon [_thread_blocked, id=16076, stack(0x0000000019100000,0x0000000019200000)]
  0x0000000018c20800 JavaThread "Reference Handler" daemon [_thread_blocked, id=9452, stack(0x0000000019000000,0x0000000019100000)]
  0x0000000002f62800 JavaThread "main" [_thread_blocked, id=8048, stack(0x0000000002e40000,0x0000000002f40000)]

Other Threads:
  0x0000000016e17000 VMThread [stack: 0x0000000018b00000,0x0000000018c00000] [id=8548]
  0x0000000018cdc800 WatcherThread [stack: 0x0000000019990000,0x0000000019a90000] [id=96]

VM state:not at safepoint (normal execution)

VM Mutex/Monitor currently owned by a thread: None

OutOfMemory and StackOverflow Exception counts:
OutOfMemoryError java_heap_errors=1

heap address: 0x00000000a0000000, size: 1536 MB, Compressed Oops mode: 32-bit
Narrow klass base: 0x0000000000000000, Narrow klass shift: 3
Compressed class space size: 1073741824 Address: 0x0000000100000000

Heap:
 PSYoungGen      total 274944K, used 81425K [0x00000000e0000000, 0x00000000f4300000, 0x0000000100000000)
  eden space 240128K, 23% used [0x00000000e0000000,0x00000000e37e3740,0x00000000eea80000)
  from space 34816K, 69% used [0x00000000eea80000,0x00000000f0220e18,0x00000000f0c80000)
  to   space 35840K, 0% used [0x00000000f2000000,0x00000000f2000000,0x00000000f4300000)
 ParOldGen       total 349696K, used 67802K [0x00000000a0000000, 0x00000000b5580000, 0x00000000e0000000)
  object space 349696K, 19% used [0x00000000a0000000,0x00000000a4236ae0,0x00000000b5580000)
 Metaspace       used 107934K, capacity 113221K, committed 113320K, reserved 1153024K
  class space    used 14185K, capacity 15217K, committed 15272K, reserved 1048576K

Card table byte_map: [0x0000000012420000,0x0000000012730000] byte_map_base: 0x0000000011f20000

Marking Bits: (ParMarkBitMap*) 0x000000006d37f030
 Begin Bits: [0x0000000013130000, 0x0000000014930000)
 End Bits:   [0x0000000014930000, 0x0000000016130000)

Polling page: 0x0000000000d00000

CodeCache: size=245760Kb used=45747Kb max_used=46194Kb free=200012Kb
 bounds [0x0000000003060000, 0x0000000005db0000, 0x0000000012060000]
 total_blobs=15170 nmethods=14092 adapters=988
 compilation: enabled

Compilation events (10 events):
Event: 89.923 Thread 0x0000000018ca2000 nmethod 16555 0x0000000005dad110 code [0x0000000005dad280, 0x0000000005dad450]
Event: 89.923 Thread 0x0000000018ca2000 16546       3       com.android.tools.r8.u.c.M::a (133 bytes)
Event: 89.924 Thread 0x0000000018ca2000 nmethod 16546 0x0000000005dad510 code [0x0000000005dad780, 0x0000000005dae2b8]
Event: 89.924 Thread 0x0000000018ca2000 16633       3       com.android.tools.r8.v.a.a.a.h.P0::a (109 bytes)
Event: 89.924 Thread 0x0000000018ca2000 nmethod 16633 0x0000000005dae7d0 code [0x0000000005dae980, 0x0000000005daee68]
Event: 89.924 Thread 0x0000000018ca2000 16634       3       com.android.tools.r8.dex.g::c (10 bytes)
Event: 89.929 Thread 0x0000000018ca2000 nmethod 16634 0x0000000005daf190 code [0x0000000005daf300, 0x0000000005daf508]
Event: 89.929 Thread 0x0000000018ca2000 16635       3       com.android.tools.r8.dex.DexOutputBuffer::b (19 bytes)
Event: 89.929 Thread 0x0000000018ca2000 nmethod 16635 0x0000000005daf5d0 code [0x0000000005daf760, 0x0000000005dafb18]
Event: 89.929 Thread 0x0000000018ca2000 16636       3       com.android.tools.r8.graph.O::hashCode (19 bytes)

GC Heap History (10 events):
Event: 17.443 GC heap before
{Heap before GC invocations=15 (full 3):
 PSYoungGen      total 225792K, used 220739K [0x00000000e0000000, 0x00000000f0900000, 0x0000000100000000)
  eden space 205824K, 100% used [0x00000000e0000000,0x00000000ec900000,0x00000000ec900000)
  from space 19968K, 74% used [0x00000000ec900000,0x00000000ed790f88,0x00000000edc80000)
  to   space 20480K, 0% used [0x00000000ef500000,0x00000000ef500000,0x00000000f0900000)
 ParOldGen       total 220672K, used 37847K [0x00000000a0000000, 0x00000000ad780000, 0x00000000e0000000)
  object space 220672K, 17% used [0x00000000a0000000,0x00000000a24f5f48,0x00000000ad780000)
 Metaspace       used 80282K, capacity 83790K, committed 84008K, reserved 1122304K
  class space    used 10765K, capacity 11456K, committed 11560K, reserved 1048576K
Event: 17.465 GC heap after
Heap after GC invocations=15 (full 3):
 PSYoungGen      total 244224K, used 20465K [0x00000000e0000000, 0x00000000f1300000, 0x0000000100000000)
  eden space 223744K, 0% used [0x00000000e0000000,0x00000000e0000000,0x00000000eda80000)
  from space 20480K, 99% used [0x00000000ef500000,0x00000000f08fc470,0x00000000f0900000)
  to   space 27136K, 0% used [0x00000000eda80000,0x00000000eda80000,0x00000000ef500000)
 ParOldGen       total 220672K, used 49329K [0x00000000a0000000, 0x00000000ad780000, 0x00000000e0000000)
  object space 220672K, 22% used [0x00000000a0000000,0x00000000a302c720,0x00000000ad780000)
 Metaspace       used 80282K, capacity 83790K, committed 84008K, reserved 1122304K
  class space    used 10765K, capacity 11456K, committed 11560K, reserved 1048576K
}
Event: 68.930 GC heap before
{Heap before GC invocations=16 (full 3):
 PSYoungGen      total 244224K, used 244209K [0x00000000e0000000, 0x00000000f1300000, 0x0000000100000000)
  eden space 223744K, 100% used [0x00000000e0000000,0x00000000eda80000,0x00000000eda80000)
  from space 20480K, 99% used [0x00000000ef500000,0x00000000f08fc470,0x00000000f0900000)
  to   space 27136K, 0% used [0x00000000eda80000,0x00000000eda80000,0x00000000ef500000)
 ParOldGen       total 220672K, used 49329K [0x00000000a0000000, 0x00000000ad780000, 0x00000000e0000000)
  object space 220672K, 22% used [0x00000000a0000000,0x00000000a302c720,0x00000000ad780000)
 Metaspace       used 88432K, capacity 92576K, committed 92840K, reserved 1130496K
  class space    used 11601K, capacity 12426K, committed 12456K, reserved 1048576K
Event: 68.957 GC heap after
Heap after GC invocations=16 (full 3):
 PSYoungGen      total 250880K, used 27108K [0x00000000e0000000, 0x00000000f3080000, 0x0000000100000000)
  eden space 223744K, 0% used [0x00000000e0000000,0x00000000e0000000,0x00000000eda80000)
  from space 27136K, 99% used [0x00000000eda80000,0x00000000ef4f91c0,0x00000000ef500000)
  to   space 34816K, 0% used [0x00000000f0e80000,0x00000000f0e80000,0x00000000f3080000)
 ParOldGen       total 220672K, used 59937K [0x00000000a0000000, 0x00000000ad780000, 0x00000000e0000000)
  object space 220672K, 27% used [0x00000000a0000000,0x00000000a3a886f8,0x00000000ad780000)
 Metaspace       used 88432K, capacity 92576K, committed 92840K, reserved 1130496K
  class space    used 11601K, capacity 12426K, committed 12456K, reserved 1048576K
}
Event: 77.545 GC heap before
{Heap before GC invocations=17 (full 3):
 PSYoungGen      total 250880K, used 207697K [0x00000000e0000000, 0x00000000f3080000, 0x0000000100000000)
  eden space 223744K, 80% used [0x00000000e0000000,0x00000000eb05b588,0x00000000eda80000)
  from space 27136K, 99% used [0x00000000eda80000,0x00000000ef4f91c0,0x00000000ef500000)
  to   space 34816K, 0% used [0x00000000f0e80000,0x00000000f0e80000,0x00000000f3080000)
 ParOldGen       total 220672K, used 59937K [0x00000000a0000000, 0x00000000ad780000, 0x00000000e0000000)
  object space 220672K, 27% used [0x00000000a0000000,0x00000000a3a886f8,0x00000000ad780000)
 Metaspace       used 94089K, capacity 98414K, committed 98600K, reserved 1134592K
  class space    used 12257K, capacity 13083K, committed 13096K, reserved 1048576K
Event: 77.568 GC heap after
Heap after GC invocations=17 (full 3):
 PSYoungGen      total 272896K, used 22104K [0x00000000e0000000, 0x00000000f2e80000, 0x0000000100000000)
  eden space 240128K, 0% used [0x00000000e0000000,0x00000000e0000000,0x00000000eea80000)
  from space 32768K, 67% used [0x00000000f0e80000,0x00000000f2416078,0x00000000f2e80000)
  to   space 34816K, 0% used [0x00000000eea80000,0x00000000eea80000,0x00000000f0c80000)
 ParOldGen       total 220672K, used 70312K [0x00000000a0000000, 0x00000000ad780000, 0x00000000e0000000)
  object space 220672K, 31% used [0x00000000a0000000,0x00000000a44aa210,0x00000000ad780000)
 Metaspace       used 94089K, capacity 98414K, committed 98600K, reserved 1134592K
  class space    used 12257K, capacity 13083K, committed 13096K, reserved 1048576K
}
Event: 77.568 GC heap before
{Heap before GC invocations=18 (full 4):
 PSYoungGen      total 272896K, used 22104K [0x00000000e0000000, 0x00000000f2e80000, 0x0000000100000000)
  eden space 240128K, 0% used [0x00000000e0000000,0x00000000e0000000,0x00000000eea80000)
  from space 32768K, 67% used [0x00000000f0e80000,0x00000000f2416078,0x00000000f2e80000)
  to   space 34816K, 0% used [0x00000000eea80000,0x00000000eea80000,0x00000000f0c80000)
 ParOldGen       total 220672K, used 70312K [0x00000000a0000000, 0x00000000ad780000, 0x00000000e0000000)
  object space 220672K, 31% used [0x00000000a0000000,0x00000000a44aa210,0x00000000ad780000)
 Metaspace       used 94089K, capacity 98414K, committed 98600K, reserved 1134592K
  class space    used 12257K, capacity 13083K, committed 13096K, reserved 1048576K
Event: 77.777 GC heap after
Heap after GC invocations=18 (full 4):
 PSYoungGen      total 272896K, used 0K [0x00000000e0000000, 0x00000000f2e80000, 0x0000000100000000)
  eden space 240128K, 0% used [0x00000000e0000000,0x00000000e0000000,0x00000000eea80000)
  from space 32768K, 0% used [0x00000000f0e80000,0x00000000f0e80000,0x00000000f2e80000)
  to   space 34816K, 0% used [0x00000000eea80000,0x00000000eea80000,0x00000000f0c80000)
 ParOldGen       total 349696K, used 67794K [0x00000000a0000000, 0x00000000b5580000, 0x00000000e0000000)
  object space 349696K, 19% used [0x00000000a0000000,0x00000000a4234ae0,0x00000000b5580000)
 Metaspace       used 93772K, capacity 97522K, committed 98600K, reserved 1134592K
  class space    used 12156K, capacity 12905K, committed 13096K, reserved 1048576K
}
Event: 89.527 GC heap before
{Heap before GC invocations=19 (full 4):
 PSYoungGen      total 272896K, used 240128K [0x00000000e0000000, 0x00000000f2e80000, 0x0000000100000000)
  eden space 240128K, 100% used [0x00000000e0000000,0x00000000eea80000,0x00000000eea80000)
  from space 32768K, 0% used [0x00000000f0e80000,0x00000000f0e80000,0x00000000f2e80000)
  to   space 34816K, 0% used [0x00000000eea80000,0x00000000eea80000,0x00000000f0c80000)
 ParOldGen       total 349696K, used 67794K [0x00000000a0000000, 0x00000000b5580000, 0x00000000e0000000)
  object space 349696K, 19% used [0x00000000a0000000,0x00000000a4234ae0,0x00000000b5580000)
 Metaspace       used 105178K, capacity 109830K, committed 109992K, reserved 1144832K
  class space    used 13787K, capacity 14729K, committed 14760K, reserved 1048576K
Event: 89.554 GC heap after
Heap after GC invocations=19 (full 4):
 PSYoungGen      total 274944K, used 24195K [0x00000000e0000000, 0x00000000f4300000, 0x0000000100000000)
  eden space 240128K, 0% used [0x00000000e0000000,0x00000000e0000000,0x00000000eea80000)
  from space 34816K, 69% used [0x00000000eea80000,0x00000000f0220e18,0x00000000f0c80000)
  to   space 35840K, 0% used [0x00000000f2000000,0x00000000f2000000,0x00000000f4300000)
 ParOldGen       total 349696K, used 67802K [0x00000000a0000000, 0x00000000b5580000, 0x00000000e0000000)
  object space 349696K, 19% used [0x00000000a0000000,0x00000000a4236ae0,0x00000000b5580000)
 Metaspace       used 105178K, capacity 109830K, committed 109992K, reserved 1144832K
  class space    used 13787K, capacity 14729K, committed 14760K, reserved 1048576K
}

Deoptimization events (10 events):
Event: 89.700 Thread 0x000000001f782800 Uncommon trap: reason=class_check action=maybe_recompile pc=0x0000000005be6dd0 method=com.android.tools.build.apkzlib.zip.CentralDirectoryHeader.getCompressionInfoWithWait()Lcom/android/tools/build/apkzlib/zip/CentralDirectoryHeaderCompressInfo; @ 4
Event: 89.756 Thread 0x000000001ea1e800 Uncommon trap: reason=unstable_if action=reinterpret pc=0x0000000005cbfb30 method=com.android.tools.r8.graph.d0.a(C[BI)I @ 27
Event: 89.756 Thread 0x000000001ea1e800 Uncommon trap: reason=unstable_if action=reinterpret pc=0x0000000005c18454 method=com.android.tools.r8.graph.d0.a(C[BI)I @ 27
Event: 89.760 Thread 0x000000001ea1e800 Uncommon trap: reason=unstable_if action=reinterpret pc=0x0000000005c444fc method=com.android.tools.r8.graph.d0.a([C)I @ 44
Event: 89.797 Thread 0x000000001f784000 Uncommon trap: reason=array_check action=maybe_recompile pc=0x00000000057e8a4c method=java.util.TimSort.binarySort([Ljava/lang/Object;IIILjava/util/Comparator;)V @ 215
Event: 89.797 Thread 0x000000001f784000 Uncommon trap: reason=array_check action=maybe_recompile pc=0x00000000057e8a4c method=java.util.TimSort.binarySort([Ljava/lang/Object;IIILjava/util/Comparator;)V @ 215
Event: 89.797 Thread 0x0000000019f48800 Uncommon trap: reason=unstable_if action=reinterpret pc=0x00000000057e8fb8 method=java.util.TimSort.countRunAndMakeAscending([Ljava/lang/Object;IILjava/util/Comparator;)I @ 27
Event: 89.847 Thread 0x000000001f782800 Uncommon trap: reason=unstable_if action=reinterpret pc=0x0000000005aca8a0 method=org.gradle.internal.operations.DefaultBuildOperationExecutor$3.stop()V @ 61
Event: 89.847 Thread 0x000000001ea1e800 Uncommon trap: reason=unstable_if action=reinterpret pc=0x00000000049ac7f4 method=java.util.HashMap.computeIfAbsent(Ljava/lang/Object;Ljava/util/function/Function;)Ljava/lang/Object; @ 145
Event: 89.852 Thread 0x000000001ea1e800 Uncommon trap: reason=unstable_if action=reinterpret pc=0x00000000057cd400 method=com.android.tools.r8.graph.d0.b(Lcom/android/tools/r8/graph/d0;)I @ 57

Classes redefined (0 events):
No events

Internal exceptions (10 events):
Event: 89.935 Thread 0x000000001ea1e000 Exception <a 'sun/nio/fs/WindowsException'> (0x00000000e36f0958) thrown at [C:\src\AOSP-openjdk-git\hotspot\src\share\vm\prims\jni.cpp, line 710]
Event: 89.935 Thread 0x000000001ea1e000 Exception <a 'sun/nio/fs/WindowsException'> (0x00000000e36f1338) thrown at [C:\src\AOSP-openjdk-git\hotspot\src\share\vm\prims\jni.cpp, line 710]
Event: 89.936 Thread 0x000000001ea1e000 Exception <a 'sun/nio/fs/WindowsException'> (0x00000000e36f1840) thrown at [C:\src\AOSP-openjdk-git\hotspot\src\share\vm\prims\jni.cpp, line 710]
Event: 89.936 Thread 0x000000001ea1e000 Exception <a 'sun/nio/fs/WindowsException'> (0x00000000e36f25f8) thrown at [C:\src\AOSP-openjdk-git\hotspot\src\share\vm\prims\jni.cpp, line 710]
Event: 89.936 Thread 0x000000001ea1e000 Exception <a 'sun/nio/fs/WindowsException'> (0x00000000e36f2af0) thrown at [C:\src\AOSP-openjdk-git\hotspot\src\share\vm\prims\jni.cpp, line 710]
Event: 89.936 Thread 0x000000001ea1e000 Exception <a 'sun/nio/fs/WindowsException'> (0x00000000e36f3898) thrown at [C:\src\AOSP-openjdk-git\hotspot\src\share\vm\prims\jni.cpp, line 710]
Event: 89.947 Thread 0x000000001ea1e800 Exception <a 'sun/nio/fs/WindowsException'> (0x00000000e355c140) thrown at [C:\src\AOSP-openjdk-git\hotspot\src\share\vm\prims\jni.cpp, line 710]
Event: 89.947 Thread 0x000000001ea1e800 Exception <a 'sun/nio/fs/WindowsException'> (0x00000000e3737bd0) thrown at [C:\src\AOSP-openjdk-git\hotspot\src\share\vm\prims\jni.cpp, line 710]
Event: 89.947 Thread 0x000000001ea1e800 Exception <a 'sun/nio/fs/WindowsException'> (0x00000000e37380d8) thrown at [C:\src\AOSP-openjdk-git\hotspot\src\share\vm\prims\jni.cpp, line 710]
Event: 89.947 Thread 0x000000001ea1e800 Exception <a 'sun/nio/fs/WindowsException'> (0x00000000e3738e90) thrown at [C:\src\AOSP-openjdk-git\hotspot\src\share\vm\prims\jni.cpp, line 710]

Events (10 events):
Event: 89.947 Thread 0x0000000018ca2000 flushing nmethod 0x00000000056167d0
Event: 89.947 Thread 0x0000000018ca2000 flushing nmethod 0x0000000005619290
Event: 89.947 Thread 0x0000000018ca2000 flushing nmethod 0x00000000056195d0
Event: 89.948 Thread 0x0000000018ca2000 flushing nmethod 0x00000000056b6d50
Event: 89.948 Thread 0x0000000018ca2000 flushing nmethod 0x00000000056b73d0
Event: 89.949 Thread 0x0000000018ca2000 flushing nmethod 0x000000000588a8d0
Event: 89.949 Thread 0x0000000018ca2000 flushing nmethod 0x000000000596f590
Event: 89.949 Thread 0x0000000018ca2000 flushing nmethod 0x00000000059705d0
Event: 89.949 Thread 0x0000000018ca2000 flushing nmethod 0x00000000059730d0
Event: 89.949 Thread 0x0000000018ca2000 flushing nmethod 0x0000000005975690


Dynamic libraries:
0x00007ff634aa0000 - 0x00007ff634ad1000 	D:\Android\jre\bin\java.exe
0x00007ff8ac610000 - 0x00007ff8ac7fd000 	C:\Windows\SYSTEM32\ntdll.dll
0x00007ff8aa9d0000 - 0x00007ff8aaa83000 	C:\Windows\System32\KERNEL32.DLL
0x00007ff8a8c70000 - 0x00007ff8a8f05000 	C:\Windows\System32\KERNELBASE.dll
0x00007ff8aacc0000 - 0x00007ff8aad63000 	C:\Windows\System32\ADVAPI32.dll
0x00007ff8aad70000 - 0x00007ff8aae0e000 	C:\Windows\System32\msvcrt.dll
0x00007ff8aafb0000 - 0x00007ff8ab04e000 	C:\Windows\System32\sechost.dll
0x00007ff8aae80000 - 0x00007ff8aafa2000 	C:\Windows\System32\RPCRT4.dll
0x00007ff8aa4d0000 - 0x00007ff8aa667000 	C:\Windows\System32\USER32.dll
0x00007ff8a86d0000 - 0x00007ff8a86f0000 	C:\Windows\System32\win32u.dll
0x00007ff8aa9a0000 - 0x00007ff8aa9c9000 	C:\Windows\System32\GDI32.dll
0x00007ff8a89d0000 - 0x00007ff8a8b6a000 	C:\Windows\System32\gdi32full.dll
0x00007ff8a8b70000 - 0x00007ff8a8c10000 	C:\Windows\System32\msvcp_win.dll
0x00007ff8a8fc0000 - 0x00007ff8a90ba000 	C:\Windows\System32\ucrtbase.dll
0x00007ff89c270000 - 0x00007ff89c4e9000 	C:\Windows\WinSxS\amd64_microsoft.windows.common-controls_6595b64144ccf1df_6.0.17763.1282_none_de75b6f253473c0f\COMCTL32.dll
0x00007ff8a9d80000 - 0x00007ff8aa0ac000 	C:\Windows\System32\combase.dll
0x00007ff8a8950000 - 0x00007ff8a89ce000 	C:\Windows\System32\bcryptPrimitives.dll
0x00007ff8aa960000 - 0x00007ff8aa98e000 	C:\Windows\System32\IMM32.DLL
0x000000006c070000 - 0x000000006c142000 	D:\Android\jre\jre\bin\msvcr100.dll
0x000000006cbb0000 - 0x000000006d3fb000 	D:\Android\jre\jre\bin\server\jvm.dll
0x00007ff8ab0d0000 - 0x00007ff8ab0d8000 	C:\Windows\System32\PSAPI.DLL
0x00007ff8a4e70000 - 0x00007ff8a4e79000 	C:\Windows\SYSTEM32\WSOCK32.dll
0x00007ff89d4e0000 - 0x00007ff89d4ea000 	C:\Windows\SYSTEM32\VERSION.dll
0x00007ff8a6210000 - 0x00007ff8a6234000 	C:\Windows\SYSTEM32\WINMM.dll
0x00007ff8aa7e0000 - 0x00007ff8aa84d000 	C:\Windows\System32\WS2_32.dll
0x00007ff8a6010000 - 0x00007ff8a603d000 	C:\Windows\SYSTEM32\WINMMBASE.dll
0x00007ff8a8720000 - 0x00007ff8a876a000 	C:\Windows\System32\cfgmgr32.dll
0x00007ff89ee60000 - 0x00007ff89ee6f000 	D:\Android\jre\jre\bin\verify.dll
0x00007ff898f60000 - 0x00007ff898f89000 	D:\Android\jre\jre\bin\java.dll
0x00007ff898f40000 - 0x00007ff898f56000 	D:\Android\jre\jre\bin\zip.dll
0x00007ff8ab0e0000 - 0x00007ff8ac5d8000 	C:\Windows\System32\SHELL32.dll
0x00007ff8aabf0000 - 0x00007ff8aac98000 	C:\Windows\System32\shcore.dll
0x00007ff8a90e0000 - 0x00007ff8a982f000 	C:\Windows\System32\windows.storage.dll
0x00007ff8a8620000 - 0x00007ff8a8644000 	C:\Windows\System32\profapi.dll
0x00007ff8a8670000 - 0x00007ff8a86cd000 	C:\Windows\System32\powrprof.dll
0x00007ff8aa2e0000 - 0x00007ff8aa332000 	C:\Windows\System32\shlwapi.dll
0x00007ff8a8600000 - 0x00007ff8a8611000 	C:\Windows\System32\kernel.appcore.dll
0x00007ff8a90c0000 - 0x00007ff8a90d7000 	C:\Windows\System32\cryptsp.dll
0x00007ff898f20000 - 0x00007ff898f3a000 	D:\Android\jre\jre\bin\net.dll
0x00007ff8a7e60000 - 0x00007ff8a7ec7000 	C:\Windows\system32\mswsock.dll
0x00007ff898f00000 - 0x00007ff898f13000 	D:\Android\jre\jre\bin\nio.dll
0x00007ff898d30000 - 0x00007ff898d56000 	D:\device\.gradle\native\30\windows-amd64\native-platform.dll
0x00007ff89dd80000 - 0x00007ff89dd8d000 	D:\Android\jre\jre\bin\management.dll
0x00007ff8a79e0000 - 0x00007ff8a7a13000 	C:\Windows\system32\rsaenh.dll
0x00007ff8a86f0000 - 0x00007ff8a8716000 	C:\Windows\System32\bcrypt.dll
0x00007ff8a84f0000 - 0x00007ff8a8518000 	C:\Windows\SYSTEM32\USERENV.dll
0x00007ff8a8030000 - 0x00007ff8a803c000 	C:\Windows\SYSTEM32\CRYPTBASE.dll
0x00007ff8a7b80000 - 0x00007ff8a7bbd000 	C:\Windows\SYSTEM32\IPHLPAPI.DLL
0x00007ff8aae70000 - 0x00007ff8aae78000 	C:\Windows\System32\NSI.dll
0x00007ff89f1c0000 - 0x00007ff89f1d6000 	C:\Windows\SYSTEM32\dhcpcsvc6.DLL
0x00007ff89f1a0000 - 0x00007ff89f1bc000 	C:\Windows\SYSTEM32\dhcpcsvc.DLL
0x00007ff8a7bc0000 - 0x00007ff8a7c87000 	C:\Windows\SYSTEM32\DNSAPI.dll
0x00007ff8a7660000 - 0x00007ff8a7691000 	C:\Windows\SYSTEM32\ntmarta.dll
0x00007ff898ed0000 - 0x00007ff898ef4000 	D:\Android\jre\jre\bin\sunec.dll
0x00007ff89d4f0000 - 0x00007ff89d4fa000 	C:\Windows\System32\rasadhlp.dll
0x00007ff89d670000 - 0x00007ff89d6e9000 	C:\Windows\System32\fwpuclnt.dll
0x00007ff89baf0000 - 0x00007ff89bafb000 	D:\Android\jre\jre\bin\sunmscapi.dll
0x00007ff8a8770000 - 0x00007ff8a894c000 	C:\Windows\System32\CRYPT32.dll
0x00007ff8a8650000 - 0x00007ff8a8662000 	C:\Windows\System32\MSASN1.dll
0x00007ff893810000 - 0x00007ff8939ac000 	D:\Android\jre\jre\bin\awt.dll
0x00007ff8a9830000 - 0x00007ff8a98f4000 	C:\Windows\System32\OLEAUT32.dll
0x00007ff8a5a50000 - 0x00007ff8a600e000 	C:\Windows\SYSTEM32\d2d1.dll
0x00007ff8a6c70000 - 0x00007ff8a6c9e000 	C:\Windows\SYSTEM32\dwmapi.dll
0x00007ff8a6910000 - 0x00007ff8a699c000 	C:\Windows\SYSTEM32\apphelp.dll
0x00007ff8a6ba0000 - 0x00007ff8a6c3c000 	C:\Windows\system32\uxtheme.dll
0x00007ff8972b0000 - 0x00007ff8972ce000 	C:\Users\USER\AppData\Local\Temp\native-platform8400068320203250020dir\native-platform.dll

VM Arguments:
jvm_args: -Xmx1536m -Dfile.encoding=x-windows-949 -Duser.country=KR -Duser.language=ko -Duser.variant 
java_command: org.gradle.launcher.daemon.bootstrap.GradleDaemon 5.6.4
java_class_path (initial): D:\device\.gradle\wrapper\dists\gradle-5.6.4-all\ankdp27end7byghfw1q2sw75f\gradle-5.6.4\lib\gradle-launcher-5.6.4.jar
Launcher Type: SUN_STANDARD

Environment Variables:
JAVA_HOME=C:\Program Files\Java\jdk1.8.0_211\bin
CLASSPATH=%classpath%;.;.;.
PATH=C:\Windows\system32;C:\Program Files\Java\jdk1.8.0_211\bin;C:\Users\USER\AppData\Local\GitHubDesktop\app-2.5.0\resources\app\git\cmd;C:\Program Files\nodejs\;D:\ASK\android-sdk-windows-1.6_r1\emulator;D:\ASK\android-sdk-windows-1.6_r1\platform-tools;D:\ASK\android-sdk-windows-1.6_r1\tools;D:\ASK\android-sdk-windows-1.6_r1;C:\Users\USER\AppData\Local\Microsoft\WindowsApps;C:\Users\USER\AppData\Local\GitHubDesktop\bin;D:\Vs code\Microsoft VS Code\bin;C:\Program Files\Java\jdk1.8.0_211\bin\bin;C:\xampp\php;C:\Users\USER\composer;C:\Users\USER\AppData\Roaming\Composer\vendor\bin;C:\Program Files\heroku\bin;C:\Users\USER\AppData\Roaming\npm
USERNAME=USER
OS=Windows_NT
PROCESSOR_IDENTIFIER=Intel64 Family 6 Model 158 Stepping 10, GenuineIntel



---------------  S Y S T E M  ---------------

OS: Windows 10.0 , 64 bit Build 17763 (10.0.17763.1158)

CPU:total 8 (initial active 8) (4 cores per cpu, 2 threads per core) family 6 model 158 stepping 10, cmov, cx8, fxsr, mmx, sse, sse2, sse3, ssse3, sse4.1, sse4.2, popcnt, avx, avx2, aes, clmul, erms, 3dnowpref, lzcnt, ht, tsc, tscinvbit, bmi1, bmi2, adx

Memory: 4k page, physical 16615732k(5687432k free), swap 16615732k(3976k free)

vm_info: OpenJDK 64-Bit Server VM (25.242-b01) for windows-amd64 JRE (1.8.0_242-release-1644-b01), built by "builder" with MS VC++ 10.0 (VS2010)

time: Mon Jun 15 15:33:54 2020
timezone: 대한민국 표준시
elapsed time: 89 seconds (0d 0h 1m 29s)

